{"/Users/mike/Projects/valtio-plugin/src/index.ts": {"path":"/Users/mike/Projects/valtio-plugin/src/index.ts","all":false,"statementMap":{"0":{"start":{"line":1,"column":0},"end":{"line":1,"column":8}},"10":{"start":{"line":11,"column":0},"end":{"line":11,"column":54}},"11":{"start":{"line":12,"column":0},"end":{"line":12,"column":54}},"12":{"start":{"line":13,"column":0},"end":{"line":13,"column":62}},"14":{"start":{"line":15,"column":0},"end":{"line":15,"column":54}},"58":{"start":{"line":59,"column":0},"end":{"line":59,"column":61}},"59":{"start":{"line":60,"column":0},"end":{"line":60,"column":33}},"60":{"start":{"line":61,"column":0},"end":{"line":61,"column":1}},"62":{"start":{"line":63,"column":0},"end":{"line":63,"column":61}},"63":{"start":{"line":64,"column":0},"end":{"line":64,"column":33}},"64":{"start":{"line":65,"column":0},"end":{"line":65,"column":1}},"66":{"start":{"line":67,"column":0},"end":{"line":67,"column":62}},"67":{"start":{"line":68,"column":0},"end":{"line":68,"column":34}},"68":{"start":{"line":69,"column":0},"end":{"line":69,"column":1}},"70":{"start":{"line":71,"column":0},"end":{"line":71,"column":17}},"71":{"start":{"line":72,"column":0},"end":{"line":72,"column":32}},"72":{"start":{"line":73,"column":0},"end":{"line":73,"column":39}},"73":{"start":{"line":74,"column":0},"end":{"line":74,"column":1}},"75":{"start":{"line":76,"column":0},"end":{"line":76,"column":45}},"76":{"start":{"line":77,"column":0},"end":{"line":77,"column":37}},"85":{"start":{"line":86,"column":0},"end":{"line":86,"column":60}},"87":{"start":{"line":88,"column":0},"end":{"line":88,"column":115}},"88":{"start":{"line":89,"column":0},"end":{"line":89,"column":46}},"90":{"start":{"line":91,"column":0},"end":{"line":91,"column":18}},"91":{"start":{"line":92,"column":0},"end":{"line":92,"column":51}},"92":{"start":{"line":93,"column":0},"end":{"line":93,"column":23}},"93":{"start":{"line":94,"column":0},"end":{"line":94,"column":24}},"94":{"start":{"line":95,"column":0},"end":{"line":95,"column":24}},"95":{"start":{"line":96,"column":0},"end":{"line":96,"column":6}},"96":{"start":{"line":97,"column":0},"end":{"line":97,"column":3}},"98":{"start":{"line":99,"column":0},"end":{"line":99,"column":19}},"99":{"start":{"line":100,"column":0},"end":{"line":100,"column":52}},"100":{"start":{"line":101,"column":0},"end":{"line":101,"column":24}},"101":{"start":{"line":102,"column":0},"end":{"line":102,"column":24}},"102":{"start":{"line":103,"column":0},"end":{"line":103,"column":24}},"103":{"start":{"line":104,"column":0},"end":{"line":104,"column":6}},"104":{"start":{"line":105,"column":0},"end":{"line":105,"column":3}},"106":{"start":{"line":107,"column":0},"end":{"line":107,"column":47}},"107":{"start":{"line":108,"column":0},"end":{"line":108,"column":51}},"108":{"start":{"line":109,"column":0},"end":{"line":109,"column":18}},"109":{"start":{"line":110,"column":0},"end":{"line":110,"column":24}},"110":{"start":{"line":111,"column":0},"end":{"line":111,"column":24}},"111":{"start":{"line":112,"column":0},"end":{"line":112,"column":6}},"112":{"start":{"line":113,"column":0},"end":{"line":113,"column":3}},"113":{"start":{"line":114,"column":0},"end":{"line":114,"column":1}},"115":{"start":{"line":116,"column":0},"end":{"line":116,"column":25}},"117":{"start":{"line":118,"column":0},"end":{"line":118,"column":38}},"118":{"start":{"line":119,"column":0},"end":{"line":119,"column":27}},"119":{"start":{"line":120,"column":0},"end":{"line":120,"column":22}},"121":{"start":{"line":122,"column":0},"end":{"line":122,"column":74}},"122":{"start":{"line":123,"column":0},"end":{"line":123,"column":83}},"123":{"start":{"line":124,"column":0},"end":{"line":124,"column":38}},"124":{"start":{"line":125,"column":0},"end":{"line":125,"column":23}},"125":{"start":{"line":126,"column":0},"end":{"line":126,"column":24}},"126":{"start":{"line":127,"column":0},"end":{"line":127,"column":27}},"127":{"start":{"line":128,"column":0},"end":{"line":128,"column":20}},"128":{"start":{"line":129,"column":0},"end":{"line":129,"column":7}},"136":{"start":{"line":137,"column":0},"end":{"line":137,"column":37}},"137":{"start":{"line":138,"column":0},"end":{"line":138,"column":49}},"139":{"start":{"line":140,"column":0},"end":{"line":140,"column":102}},"140":{"start":{"line":141,"column":0},"end":{"line":141,"column":52}},"141":{"start":{"line":142,"column":0},"end":{"line":142,"column":9}},"143":{"start":{"line":144,"column":0},"end":{"line":144,"column":34}},"144":{"start":{"line":145,"column":0},"end":{"line":145,"column":47}},"145":{"start":{"line":146,"column":0},"end":{"line":146,"column":47}},"149":{"start":{"line":150,"column":0},"end":{"line":150,"column":54}},"151":{"start":{"line":152,"column":0},"end":{"line":152,"column":78}},"152":{"start":{"line":153,"column":0},"end":{"line":153,"column":26}},"154":{"start":{"line":155,"column":0},"end":{"line":155,"column":40}},"155":{"start":{"line":156,"column":0},"end":{"line":156,"column":65}},"157":{"start":{"line":158,"column":0},"end":{"line":158,"column":84}},"159":{"start":{"line":160,"column":0},"end":{"line":160,"column":54}},"160":{"start":{"line":161,"column":0},"end":{"line":161,"column":43}},"161":{"start":{"line":162,"column":0},"end":{"line":162,"column":102}},"162":{"start":{"line":163,"column":0},"end":{"line":163,"column":15}},"164":{"start":{"line":165,"column":0},"end":{"line":165,"column":48}},"165":{"start":{"line":166,"column":0},"end":{"line":166,"column":58}},"167":{"start":{"line":168,"column":0},"end":{"line":168,"column":51}},"168":{"start":{"line":169,"column":0},"end":{"line":169,"column":63}},"169":{"start":{"line":170,"column":0},"end":{"line":170,"column":13}},"170":{"start":{"line":171,"column":0},"end":{"line":171,"column":11}},"171":{"start":{"line":172,"column":0},"end":{"line":172,"column":9}},"172":{"start":{"line":173,"column":0},"end":{"line":173,"column":21}},"173":{"start":{"line":174,"column":0},"end":{"line":174,"column":7}},"178":{"start":{"line":179,"column":0},"end":{"line":179,"column":37}},"179":{"start":{"line":180,"column":0},"end":{"line":180,"column":56}},"181":{"start":{"line":182,"column":0},"end":{"line":182,"column":102}},"182":{"start":{"line":183,"column":0},"end":{"line":183,"column":59}},"183":{"start":{"line":184,"column":0},"end":{"line":184,"column":9}},"186":{"start":{"line":187,"column":0},"end":{"line":187,"column":76}},"187":{"start":{"line":188,"column":0},"end":{"line":188,"column":78}},"188":{"start":{"line":189,"column":0},"end":{"line":189,"column":82}},"190":{"start":{"line":191,"column":0},"end":{"line":191,"column":12}},"191":{"start":{"line":192,"column":0},"end":{"line":192,"column":29}},"192":{"start":{"line":193,"column":0},"end":{"line":193,"column":24}},"193":{"start":{"line":194,"column":0},"end":{"line":194,"column":24}},"194":{"start":{"line":195,"column":0},"end":{"line":195,"column":22}},"195":{"start":{"line":196,"column":0},"end":{"line":196,"column":29}},"196":{"start":{"line":197,"column":0},"end":{"line":197,"column":11}},"197":{"start":{"line":198,"column":0},"end":{"line":198,"column":28}},"198":{"start":{"line":199,"column":0},"end":{"line":199,"column":56}},"199":{"start":{"line":200,"column":0},"end":{"line":200,"column":56}},"200":{"start":{"line":201,"column":0},"end":{"line":201,"column":9}},"202":{"start":{"line":203,"column":0},"end":{"line":203,"column":51}},"204":{"start":{"line":205,"column":0},"end":{"line":205,"column":46}},"205":{"start":{"line":206,"column":0},"end":{"line":206,"column":37}},"206":{"start":{"line":207,"column":0},"end":{"line":207,"column":94}},"207":{"start":{"line":208,"column":0},"end":{"line":208,"column":9}},"208":{"start":{"line":209,"column":0},"end":{"line":209,"column":44}},"210":{"start":{"line":211,"column":0},"end":{"line":211,"column":48}},"211":{"start":{"line":212,"column":0},"end":{"line":212,"column":36}},"212":{"start":{"line":213,"column":0},"end":{"line":213,"column":17}},"213":{"start":{"line":214,"column":0},"end":{"line":214,"column":57}},"214":{"start":{"line":215,"column":0},"end":{"line":215,"column":37}},"215":{"start":{"line":216,"column":0},"end":{"line":216,"column":22}},"216":{"start":{"line":217,"column":0},"end":{"line":217,"column":26}},"217":{"start":{"line":218,"column":0},"end":{"line":218,"column":25}},"218":{"start":{"line":219,"column":0},"end":{"line":219,"column":15}},"220":{"start":{"line":221,"column":0},"end":{"line":221,"column":45}},"222":{"start":{"line":223,"column":0},"end":{"line":223,"column":72}},"223":{"start":{"line":224,"column":0},"end":{"line":224,"column":15}},"224":{"start":{"line":225,"column":0},"end":{"line":225,"column":25}},"225":{"start":{"line":226,"column":0},"end":{"line":226,"column":121}},"226":{"start":{"line":227,"column":0},"end":{"line":227,"column":13}},"227":{"start":{"line":228,"column":0},"end":{"line":228,"column":11}},"228":{"start":{"line":229,"column":0},"end":{"line":229,"column":9}},"230":{"start":{"line":231,"column":0},"end":{"line":231,"column":34}},"231":{"start":{"line":232,"column":0},"end":{"line":232,"column":54}},"232":{"start":{"line":233,"column":0},"end":{"line":233,"column":54}},"235":{"start":{"line":236,"column":0},"end":{"line":236,"column":21}},"236":{"start":{"line":237,"column":0},"end":{"line":237,"column":50}},"237":{"start":{"line":238,"column":0},"end":{"line":238,"column":37}},"238":{"start":{"line":239,"column":0},"end":{"line":239,"column":19}},"239":{"start":{"line":240,"column":0},"end":{"line":240,"column":35}},"240":{"start":{"line":241,"column":0},"end":{"line":241,"column":39}},"241":{"start":{"line":242,"column":0},"end":{"line":242,"column":24}},"242":{"start":{"line":243,"column":0},"end":{"line":243,"column":27}},"243":{"start":{"line":244,"column":0},"end":{"line":244,"column":17}},"244":{"start":{"line":245,"column":0},"end":{"line":245,"column":27}},"245":{"start":{"line":246,"column":0},"end":{"line":246,"column":123}},"246":{"start":{"line":247,"column":0},"end":{"line":247,"column":15}},"247":{"start":{"line":248,"column":0},"end":{"line":248,"column":13}},"248":{"start":{"line":249,"column":0},"end":{"line":249,"column":11}},"249":{"start":{"line":250,"column":0},"end":{"line":250,"column":9}},"250":{"start":{"line":251,"column":0},"end":{"line":251,"column":21}},"251":{"start":{"line":252,"column":0},"end":{"line":252,"column":7}},"256":{"start":{"line":257,"column":0},"end":{"line":257,"column":59}},"257":{"start":{"line":258,"column":0},"end":{"line":258,"column":50}},"259":{"start":{"line":260,"column":0},"end":{"line":260,"column":102}},"260":{"start":{"line":261,"column":0},"end":{"line":261,"column":53}},"261":{"start":{"line":262,"column":0},"end":{"line":262,"column":9}},"263":{"start":{"line":264,"column":0},"end":{"line":264,"column":31}},"264":{"start":{"line":265,"column":0},"end":{"line":265,"column":40}},"265":{"start":{"line":266,"column":0},"end":{"line":266,"column":51}},"266":{"start":{"line":267,"column":0},"end":{"line":267,"column":50}},"267":{"start":{"line":268,"column":0},"end":{"line":268,"column":9}},"270":{"start":{"line":271,"column":0},"end":{"line":271,"column":51}},"273":{"start":{"line":274,"column":0},"end":{"line":274,"column":36}},"275":{"start":{"line":276,"column":0},"end":{"line":276,"column":40}},"276":{"start":{"line":277,"column":0},"end":{"line":277,"column":51}},"277":{"start":{"line":278,"column":0},"end":{"line":278,"column":50}},"278":{"start":{"line":279,"column":0},"end":{"line":279,"column":9}},"281":{"start":{"line":282,"column":0},"end":{"line":282,"column":72}},"282":{"start":{"line":283,"column":0},"end":{"line":283,"column":74}},"284":{"start":{"line":285,"column":0},"end":{"line":285,"column":46}},"285":{"start":{"line":286,"column":0},"end":{"line":286,"column":35}},"286":{"start":{"line":287,"column":0},"end":{"line":287,"column":90}},"287":{"start":{"line":288,"column":0},"end":{"line":288,"column":9}},"289":{"start":{"line":290,"column":0},"end":{"line":290,"column":82}},"290":{"start":{"line":291,"column":0},"end":{"line":291,"column":44}},"292":{"start":{"line":293,"column":0},"end":{"line":293,"column":12}},"293":{"start":{"line":294,"column":0},"end":{"line":294,"column":29}},"294":{"start":{"line":295,"column":0},"end":{"line":295,"column":24}},"295":{"start":{"line":296,"column":0},"end":{"line":296,"column":24}},"296":{"start":{"line":297,"column":0},"end":{"line":297,"column":22}},"297":{"start":{"line":298,"column":0},"end":{"line":298,"column":29}},"298":{"start":{"line":299,"column":0},"end":{"line":299,"column":11}},"299":{"start":{"line":300,"column":0},"end":{"line":300,"column":39}},"300":{"start":{"line":301,"column":0},"end":{"line":301,"column":50}},"301":{"start":{"line":302,"column":0},"end":{"line":302,"column":50}},"302":{"start":{"line":303,"column":0},"end":{"line":303,"column":9}},"305":{"start":{"line":306,"column":0},"end":{"line":306,"column":48}},"306":{"start":{"line":307,"column":0},"end":{"line":307,"column":36}},"307":{"start":{"line":308,"column":0},"end":{"line":308,"column":17}},"308":{"start":{"line":309,"column":0},"end":{"line":309,"column":57}},"309":{"start":{"line":310,"column":0},"end":{"line":310,"column":38}},"310":{"start":{"line":311,"column":0},"end":{"line":311,"column":27}},"311":{"start":{"line":312,"column":0},"end":{"line":312,"column":27}},"312":{"start":{"line":313,"column":0},"end":{"line":313,"column":25}},"313":{"start":{"line":314,"column":0},"end":{"line":314,"column":15}},"314":{"start":{"line":315,"column":0},"end":{"line":315,"column":45}},"316":{"start":{"line":317,"column":0},"end":{"line":317,"column":28}},"317":{"start":{"line":318,"column":0},"end":{"line":318,"column":15}},"318":{"start":{"line":319,"column":0},"end":{"line":319,"column":25}},"319":{"start":{"line":320,"column":0},"end":{"line":320,"column":120}},"320":{"start":{"line":321,"column":0},"end":{"line":321,"column":13}},"321":{"start":{"line":322,"column":0},"end":{"line":322,"column":11}},"322":{"start":{"line":323,"column":0},"end":{"line":323,"column":9}},"325":{"start":{"line":326,"column":0},"end":{"line":326,"column":46}},"326":{"start":{"line":327,"column":0},"end":{"line":327,"column":49}},"327":{"start":{"line":328,"column":0},"end":{"line":328,"column":48}},"330":{"start":{"line":331,"column":0},"end":{"line":331,"column":21}},"331":{"start":{"line":332,"column":0},"end":{"line":332,"column":50}},"332":{"start":{"line":333,"column":0},"end":{"line":333,"column":37}},"333":{"start":{"line":334,"column":0},"end":{"line":334,"column":19}},"334":{"start":{"line":335,"column":0},"end":{"line":335,"column":35}},"335":{"start":{"line":336,"column":0},"end":{"line":336,"column":40}},"336":{"start":{"line":337,"column":0},"end":{"line":337,"column":29}},"337":{"start":{"line":338,"column":0},"end":{"line":338,"column":27}},"338":{"start":{"line":339,"column":0},"end":{"line":339,"column":17}},"339":{"start":{"line":340,"column":0},"end":{"line":340,"column":27}},"340":{"start":{"line":341,"column":0},"end":{"line":341,"column":77}},"341":{"start":{"line":342,"column":0},"end":{"line":342,"column":15}},"342":{"start":{"line":343,"column":0},"end":{"line":343,"column":13}},"343":{"start":{"line":344,"column":0},"end":{"line":344,"column":11}},"344":{"start":{"line":345,"column":0},"end":{"line":345,"column":9}},"345":{"start":{"line":346,"column":0},"end":{"line":346,"column":21}},"346":{"start":{"line":347,"column":0},"end":{"line":347,"column":7}},"348":{"start":{"line":349,"column":0},"end":{"line":349,"column":20}},"349":{"start":{"line":350,"column":0},"end":{"line":350,"column":5}},"350":{"start":{"line":351,"column":0},"end":{"line":351,"column":4}},"351":{"start":{"line":352,"column":0},"end":{"line":352,"column":1}},"353":{"start":{"line":354,"column":0},"end":{"line":354,"column":47}},"354":{"start":{"line":355,"column":0},"end":{"line":355,"column":26}},"356":{"start":{"line":357,"column":0},"end":{"line":357,"column":39}},"358":{"start":{"line":359,"column":0},"end":{"line":359,"column":38}},"359":{"start":{"line":360,"column":0},"end":{"line":360,"column":19}},"360":{"start":{"line":361,"column":0},"end":{"line":361,"column":16}},"361":{"start":{"line":362,"column":0},"end":{"line":362,"column":26}},"362":{"start":{"line":363,"column":0},"end":{"line":363,"column":21}},"363":{"start":{"line":364,"column":0},"end":{"line":364,"column":3}},"365":{"start":{"line":366,"column":0},"end":{"line":366,"column":44}},"367":{"start":{"line":368,"column":0},"end":{"line":368,"column":65}},"368":{"start":{"line":369,"column":0},"end":{"line":369,"column":30}},"369":{"start":{"line":370,"column":0},"end":{"line":370,"column":56}},"370":{"start":{"line":371,"column":0},"end":{"line":371,"column":5}},"373":{"start":{"line":374,"column":0},"end":{"line":374,"column":51}},"376":{"start":{"line":377,"column":0},"end":{"line":377,"column":64}},"377":{"start":{"line":378,"column":0},"end":{"line":378,"column":34}},"380":{"start":{"line":381,"column":0},"end":{"line":381,"column":43}},"381":{"start":{"line":382,"column":0},"end":{"line":382,"column":26}},"382":{"start":{"line":383,"column":0},"end":{"line":383,"column":13}},"383":{"start":{"line":384,"column":0},"end":{"line":384,"column":25}},"384":{"start":{"line":385,"column":0},"end":{"line":385,"column":21}},"385":{"start":{"line":386,"column":0},"end":{"line":386,"column":66}},"386":{"start":{"line":387,"column":0},"end":{"line":387,"column":9}},"387":{"start":{"line":388,"column":0},"end":{"line":388,"column":7}},"388":{"start":{"line":389,"column":0},"end":{"line":389,"column":5}},"392":{"start":{"line":393,"column":0},"end":{"line":393,"column":22}},"393":{"start":{"line":394,"column":0},"end":{"line":394,"column":3}},"396":{"start":{"line":397,"column":0},"end":{"line":397,"column":42}},"397":{"start":{"line":398,"column":0},"end":{"line":398,"column":23}},"399":{"start":{"line":400,"column":0},"end":{"line":400,"column":96}},"400":{"start":{"line":401,"column":0},"end":{"line":401,"column":40}},"401":{"start":{"line":402,"column":0},"end":{"line":402,"column":7}},"404":{"start":{"line":405,"column":0},"end":{"line":405,"column":70}},"405":{"start":{"line":406,"column":0},"end":{"line":406,"column":44}},"406":{"start":{"line":407,"column":0},"end":{"line":407,"column":7}},"409":{"start":{"line":410,"column":0},"end":{"line":410,"column":38}},"410":{"start":{"line":411,"column":0},"end":{"line":411,"column":5}},"411":{"start":{"line":412,"column":0},"end":{"line":412,"column":4}},"414":{"start":{"line":415,"column":0},"end":{"line":415,"column":36}},"415":{"start":{"line":416,"column":0},"end":{"line":416,"column":10}},"416":{"start":{"line":417,"column":0},"end":{"line":417,"column":66}},"417":{"start":{"line":418,"column":0},"end":{"line":418,"column":34}},"418":{"start":{"line":419,"column":0},"end":{"line":419,"column":60}},"419":{"start":{"line":420,"column":0},"end":{"line":420,"column":9}},"421":{"start":{"line":422,"column":0},"end":{"line":422,"column":60}},"422":{"start":{"line":423,"column":0},"end":{"line":423,"column":28}},"423":{"start":{"line":424,"column":0},"end":{"line":424,"column":29}},"425":{"start":{"line":426,"column":0},"end":{"line":426,"column":44}},"426":{"start":{"line":427,"column":0},"end":{"line":427,"column":83}},"427":{"start":{"line":428,"column":0},"end":{"line":428,"column":35}},"428":{"start":{"line":429,"column":0},"end":{"line":429,"column":52}},"429":{"start":{"line":430,"column":0},"end":{"line":430,"column":18}},"430":{"start":{"line":431,"column":0},"end":{"line":431,"column":41}},"431":{"start":{"line":432,"column":0},"end":{"line":432,"column":11}},"434":{"start":{"line":435,"column":0},"end":{"line":435,"column":44}},"435":{"start":{"line":436,"column":0},"end":{"line":436,"column":62}},"436":{"start":{"line":437,"column":0},"end":{"line":437,"column":11}},"437":{"start":{"line":438,"column":0},"end":{"line":438,"column":9}},"439":{"start":{"line":440,"column":0},"end":{"line":440,"column":54}},"440":{"start":{"line":441,"column":0},"end":{"line":441,"column":8}},"441":{"start":{"line":442,"column":0},"end":{"line":442,"column":23}},"442":{"start":{"line":443,"column":0},"end":{"line":443,"column":25}},"443":{"start":{"line":444,"column":0},"end":{"line":444,"column":6}},"445":{"start":{"line":446,"column":0},"end":{"line":446,"column":16}},"446":{"start":{"line":447,"column":0},"end":{"line":447,"column":32}},"447":{"start":{"line":448,"column":0},"end":{"line":448,"column":23}},"448":{"start":{"line":449,"column":0},"end":{"line":449,"column":47}},"449":{"start":{"line":450,"column":0},"end":{"line":450,"column":30}},"450":{"start":{"line":451,"column":0},"end":{"line":451,"column":26}},"451":{"start":{"line":452,"column":0},"end":{"line":452,"column":34}},"452":{"start":{"line":453,"column":0},"end":{"line":453,"column":60}},"453":{"start":{"line":454,"column":0},"end":{"line":454,"column":9}},"456":{"start":{"line":457,"column":0},"end":{"line":457,"column":66}},"457":{"start":{"line":458,"column":0},"end":{"line":458,"column":60}},"458":{"start":{"line":459,"column":0},"end":{"line":459,"column":43}},"460":{"start":{"line":461,"column":0},"end":{"line":461,"column":48}},"461":{"start":{"line":462,"column":0},"end":{"line":462,"column":39}},"462":{"start":{"line":463,"column":0},"end":{"line":463,"column":21}},"463":{"start":{"line":464,"column":0},"end":{"line":464,"column":59}},"464":{"start":{"line":465,"column":0},"end":{"line":465,"column":29}},"465":{"start":{"line":466,"column":0},"end":{"line":466,"column":79}},"466":{"start":{"line":467,"column":0},"end":{"line":467,"column":17}},"467":{"start":{"line":468,"column":0},"end":{"line":468,"column":15}},"468":{"start":{"line":469,"column":0},"end":{"line":469,"column":14}},"469":{"start":{"line":470,"column":0},"end":{"line":470,"column":11}},"470":{"start":{"line":471,"column":0},"end":{"line":471,"column":9}},"473":{"start":{"line":474,"column":0},"end":{"line":474,"column":69}},"474":{"start":{"line":475,"column":0},"end":{"line":475,"column":8}},"475":{"start":{"line":476,"column":0},"end":{"line":476,"column":23}},"476":{"start":{"line":477,"column":0},"end":{"line":477,"column":25}},"477":{"start":{"line":478,"column":0},"end":{"line":478,"column":6}},"479":{"start":{"line":480,"column":0},"end":{"line":480,"column":15}},"480":{"start":{"line":481,"column":0},"end":{"line":481,"column":52}},"481":{"start":{"line":482,"column":0},"end":{"line":482,"column":34}},"482":{"start":{"line":483,"column":0},"end":{"line":483,"column":60}},"483":{"start":{"line":484,"column":0},"end":{"line":484,"column":9}},"486":{"start":{"line":487,"column":0},"end":{"line":487,"column":48}},"489":{"start":{"line":490,"column":0},"end":{"line":490,"column":66}},"490":{"start":{"line":491,"column":0},"end":{"line":491,"column":60}},"491":{"start":{"line":492,"column":0},"end":{"line":492,"column":43}},"493":{"start":{"line":494,"column":0},"end":{"line":494,"column":51}},"494":{"start":{"line":495,"column":0},"end":{"line":495,"column":41}},"495":{"start":{"line":496,"column":0},"end":{"line":496,"column":21}},"496":{"start":{"line":497,"column":0},"end":{"line":497,"column":51}},"497":{"start":{"line":498,"column":0},"end":{"line":498,"column":29}},"498":{"start":{"line":499,"column":0},"end":{"line":499,"column":81}},"499":{"start":{"line":500,"column":0},"end":{"line":500,"column":17}},"500":{"start":{"line":501,"column":0},"end":{"line":501,"column":15}},"501":{"start":{"line":502,"column":0},"end":{"line":502,"column":13}},"502":{"start":{"line":503,"column":0},"end":{"line":503,"column":11}},"503":{"start":{"line":504,"column":0},"end":{"line":504,"column":9}},"505":{"start":{"line":506,"column":0},"end":{"line":506,"column":19}},"506":{"start":{"line":507,"column":0},"end":{"line":507,"column":8}},"507":{"start":{"line":508,"column":0},"end":{"line":508,"column":23}},"508":{"start":{"line":509,"column":0},"end":{"line":509,"column":25}},"509":{"start":{"line":510,"column":0},"end":{"line":510,"column":6}},"511":{"start":{"line":512,"column":0},"end":{"line":512,"column":14}},"512":{"start":{"line":513,"column":0},"end":{"line":513,"column":20}},"513":{"start":{"line":514,"column":0},"end":{"line":514,"column":40}},"515":{"start":{"line":516,"column":0},"end":{"line":516,"column":35}},"516":{"start":{"line":517,"column":0},"end":{"line":517,"column":36}},"517":{"start":{"line":518,"column":0},"end":{"line":518,"column":36}},"518":{"start":{"line":519,"column":0},"end":{"line":519,"column":44}},"519":{"start":{"line":520,"column":0},"end":{"line":520,"column":8}},"520":{"start":{"line":521,"column":0},"end":{"line":521,"column":23}},"521":{"start":{"line":522,"column":0},"end":{"line":522,"column":25}},"522":{"start":{"line":523,"column":0},"end":{"line":523,"column":5}},"523":{"start":{"line":524,"column":0},"end":{"line":524,"column":4}},"525":{"start":{"line":526,"column":0},"end":{"line":526,"column":32}},"526":{"start":{"line":527,"column":0},"end":{"line":527,"column":1}}},"s":{"0":1,"10":1,"11":1,"12":1,"14":1,"58":1,"59":15,"60":15,"62":1,"63":29,"64":29,"66":1,"67":6,"68":6,"70":1,"71":1,"72":33,"73":33,"75":1,"76":50,"85":1,"87":1,"88":49,"90":49,"91":49,"92":49,"93":49,"94":49,"95":49,"96":49,"98":49,"99":49,"100":49,"101":49,"102":49,"103":49,"104":49,"106":49,"107":22,"108":22,"109":22,"110":22,"111":22,"112":22,"113":49,"115":1,"117":1,"118":33,"119":2,"121":2,"122":2,"123":40,"124":40,"125":40,"126":40,"127":40,"128":40,"136":40,"137":40,"139":215,"140":171,"141":171,"143":44,"144":0,"145":44,"149":215,"151":14,"152":14,"154":14,"155":11,"157":11,"159":11,"160":11,"161":7,"162":7,"164":11,"165":11,"167":11,"168":11,"169":11,"170":14,"171":14,"172":44,"173":215,"178":40,"179":40,"181":62,"182":0,"183":0,"186":62,"187":62,"188":62,"190":62,"191":62,"192":17,"193":17,"194":17,"195":17,"196":62,"197":45,"198":45,"199":0,"200":45,"202":17,"204":17,"205":62,"206":3,"207":3,"208":17,"210":62,"211":20,"212":19,"213":19,"214":19,"215":19,"216":19,"217":19,"218":19,"220":19,"222":3,"223":3,"224":19,"225":2,"226":2,"227":19,"228":20,"230":14,"231":14,"232":0,"235":62,"236":14,"237":17,"238":14,"239":14,"240":14,"241":14,"242":14,"243":14,"244":14,"245":1,"246":1,"247":14,"248":17,"249":14,"250":14,"251":62,"256":40,"257":40,"259":1,"260":0,"261":0,"263":1,"264":0,"265":0,"266":0,"267":0,"270":1,"273":1,"275":0,"276":0,"277":0,"278":0,"281":1,"282":1,"284":1,"285":1,"286":1,"287":1,"289":1,"290":1,"292":1,"293":1,"294":1,"295":1,"296":1,"297":1,"298":1,"299":0,"300":0,"301":0,"302":0,"305":1,"306":1,"307":1,"308":1,"309":1,"310":1,"311":1,"312":1,"313":1,"314":1,"316":0,"317":0,"318":1,"319":0,"320":0,"321":1,"322":1,"325":1,"326":1,"327":0,"330":1,"331":1,"332":1,"333":1,"334":1,"335":1,"336":1,"337":1,"338":1,"339":1,"340":0,"341":0,"342":1,"343":1,"344":1,"345":1,"346":1,"348":40,"349":40,"350":2,"351":2,"353":1,"354":33,"356":33,"358":33,"359":33,"360":33,"361":33,"362":33,"363":33,"365":33,"367":33,"368":27,"369":0,"370":0,"373":27,"376":27,"377":27,"380":27,"381":27,"382":21,"383":21,"384":21,"385":0,"386":0,"387":21,"388":27,"392":27,"393":27,"396":33,"397":33,"399":67,"400":46,"401":46,"404":67,"405":13,"406":13,"409":8,"410":67,"411":33,"414":33,"415":33,"416":33,"417":31,"418":2,"419":2,"421":29,"422":4,"423":25,"425":31,"426":34,"427":34,"428":1,"429":34,"430":33,"431":33,"434":34,"435":30,"436":30,"437":34,"439":29,"440":31,"441":33,"442":33,"443":33,"445":33,"446":33,"447":4,"448":4,"449":4,"450":4,"451":4,"452":1,"453":1,"456":4,"457":3,"458":3,"460":3,"461":3,"462":3,"463":3,"464":3,"465":1,"466":1,"467":3,"468":3,"469":3,"470":3,"473":3,"474":4,"475":33,"476":33,"477":33,"479":33,"480":33,"481":4,"482":1,"483":1,"486":3,"489":4,"490":3,"491":3,"493":3,"494":3,"495":3,"496":3,"497":3,"498":1,"499":1,"500":3,"501":3,"502":3,"503":3,"505":3,"506":4,"507":33,"508":33,"509":33,"511":33,"512":33,"513":3,"515":2,"516":2,"517":2,"518":2,"519":3,"520":33,"521":33,"522":33,"523":33,"525":33,"526":33},"branchMap":{"0":{"type":"branch","line":59,"loc":{"start":{"line":59,"column":21},"end":{"line":61,"column":1}},"locations":[{"start":{"line":59,"column":21},"end":{"line":61,"column":1}}]},"1":{"type":"branch","line":63,"loc":{"start":{"line":63,"column":21},"end":{"line":65,"column":1}},"locations":[{"start":{"line":63,"column":21},"end":{"line":65,"column":1}}]},"2":{"type":"branch","line":67,"loc":{"start":{"line":67,"column":22},"end":{"line":69,"column":1}},"locations":[{"start":{"line":67,"column":22},"end":{"line":69,"column":1}}]},"3":{"type":"branch","line":72,"loc":{"start":{"line":72,"column":25},"end":{"line":74,"column":1}},"locations":[{"start":{"line":72,"column":25},"end":{"line":74,"column":1}}]},"4":{"type":"branch","line":76,"loc":{"start":{"line":76,"column":17},"end":{"line":77,"column":37}},"locations":[{"start":{"line":76,"column":17},"end":{"line":77,"column":37}}]},"5":{"type":"branch","line":77,"loc":{"start":{"line":77,"column":15},"end":{"line":77,"column":37}},"locations":[{"start":{"line":77,"column":15},"end":{"line":77,"column":37}}]},"6":{"type":"branch","line":88,"loc":{"start":{"line":88,"column":20},"end":{"line":114,"column":1}},"locations":[{"start":{"line":88,"column":20},"end":{"line":114,"column":1}}]},"7":{"type":"branch","line":107,"loc":{"start":{"line":107,"column":46},"end":{"line":113,"column":3}},"locations":[{"start":{"line":107,"column":46},"end":{"line":113,"column":3}}]},"8":{"type":"branch","line":118,"loc":{"start":{"line":118,"column":31},"end":{"line":352,"column":1}},"locations":[{"start":{"line":118,"column":31},"end":{"line":352,"column":1}}]},"9":{"type":"branch","line":119,"loc":{"start":{"line":119,"column":21},"end":{"line":119,"column":27}},"locations":[{"start":{"line":119,"column":21},"end":{"line":119,"column":27}}]},"10":{"type":"branch","line":119,"loc":{"start":{"line":119,"column":21},"end":{"line":352,"column":1}},"locations":[{"start":{"line":119,"column":21},"end":{"line":352,"column":1}}]},"11":{"type":"branch","line":122,"loc":{"start":{"line":122,"column":52},"end":{"line":351,"column":3}},"locations":[{"start":{"line":122,"column":52},"end":{"line":351,"column":3}}]},"12":{"type":"branch","line":123,"loc":{"start":{"line":123,"column":11},"end":{"line":350,"column":5}},"locations":[{"start":{"line":123,"column":11},"end":{"line":350,"column":5}}]},"13":{"type":"branch","line":138,"loc":{"start":{"line":138,"column":20},"end":{"line":174,"column":7}},"locations":[{"start":{"line":138,"column":20},"end":{"line":174,"column":7}}]},"14":{"type":"branch","line":140,"loc":{"start":{"line":140,"column":21},"end":{"line":140,"column":73}},"locations":[{"start":{"line":140,"column":21},"end":{"line":140,"column":73}}]},"15":{"type":"branch","line":140,"loc":{"start":{"line":140,"column":51},"end":{"line":140,"column":101}},"locations":[{"start":{"line":140,"column":51},"end":{"line":140,"column":101}}]},"16":{"type":"branch","line":140,"loc":{"start":{"line":140,"column":101},"end":{"line":142,"column":9}},"locations":[{"start":{"line":140,"column":101},"end":{"line":142,"column":9}}]},"17":{"type":"branch","line":142,"loc":{"start":{"line":142,"column":8},"end":{"line":144,"column":34}},"locations":[{"start":{"line":142,"column":8},"end":{"line":144,"column":34}}]},"18":{"type":"branch","line":144,"loc":{"start":{"line":144,"column":23},"end":{"line":145,"column":47}},"locations":[{"start":{"line":144,"column":23},"end":{"line":145,"column":47}}]},"19":{"type":"branch","line":145,"loc":{"start":{"line":145,"column":46},"end":{"line":146,"column":47}},"locations":[{"start":{"line":145,"column":46},"end":{"line":146,"column":47}}]},"20":{"type":"branch","line":150,"loc":{"start":{"line":150,"column":27},"end":{"line":150,"column":53}},"locations":[{"start":{"line":150,"column":27},"end":{"line":150,"column":53}}]},"21":{"type":"branch","line":150,"loc":{"start":{"line":150,"column":53},"end":{"line":172,"column":9}},"locations":[{"start":{"line":150,"column":53},"end":{"line":172,"column":9}}]},"22":{"type":"branch","line":155,"loc":{"start":{"line":155,"column":39},"end":{"line":170,"column":13}},"locations":[{"start":{"line":155,"column":39},"end":{"line":170,"column":13}}]},"23":{"type":"branch","line":161,"loc":{"start":{"line":161,"column":42},"end":{"line":163,"column":15}},"locations":[{"start":{"line":161,"column":42},"end":{"line":163,"column":15}}]},"24":{"type":"branch","line":172,"loc":{"start":{"line":172,"column":8},"end":{"line":173,"column":21}},"locations":[{"start":{"line":172,"column":8},"end":{"line":173,"column":21}}]},"25":{"type":"branch","line":180,"loc":{"start":{"line":180,"column":20},"end":{"line":252,"column":7}},"locations":[{"start":{"line":180,"column":20},"end":{"line":252,"column":7}}]},"26":{"type":"branch","line":182,"loc":{"start":{"line":182,"column":101},"end":{"line":184,"column":9}},"locations":[{"start":{"line":182,"column":101},"end":{"line":184,"column":9}}]},"27":{"type":"branch","line":189,"loc":{"start":{"line":189,"column":25},"end":{"line":189,"column":73}},"locations":[{"start":{"line":189,"column":25},"end":{"line":189,"column":73}}]},"28":{"type":"branch","line":189,"loc":{"start":{"line":189,"column":69},"end":{"line":189,"column":82}},"locations":[{"start":{"line":189,"column":69},"end":{"line":189,"column":82}}]},"29":{"type":"branch","line":192,"loc":{"start":{"line":192,"column":25},"end":{"line":193,"column":24}},"locations":[{"start":{"line":192,"column":25},"end":{"line":193,"column":24}}]},"30":{"type":"branch","line":193,"loc":{"start":{"line":193,"column":11},"end":{"line":194,"column":24}},"locations":[{"start":{"line":193,"column":11},"end":{"line":194,"column":24}}]},"31":{"type":"branch","line":194,"loc":{"start":{"line":194,"column":11},"end":{"line":195,"column":22}},"locations":[{"start":{"line":194,"column":11},"end":{"line":195,"column":22}}]},"32":{"type":"branch","line":195,"loc":{"start":{"line":195,"column":11},"end":{"line":196,"column":29}},"locations":[{"start":{"line":195,"column":11},"end":{"line":196,"column":29}}]},"33":{"type":"branch","line":197,"loc":{"start":{"line":197,"column":10},"end":{"line":201,"column":9}},"locations":[{"start":{"line":197,"column":10},"end":{"line":201,"column":9}}]},"34":{"type":"branch","line":199,"loc":{"start":{"line":199,"column":55},"end":{"line":200,"column":56}},"locations":[{"start":{"line":199,"column":55},"end":{"line":200,"column":56}}]},"35":{"type":"branch","line":201,"loc":{"start":{"line":201,"column":8},"end":{"line":206,"column":36}},"locations":[{"start":{"line":201,"column":8},"end":{"line":206,"column":36}}]},"36":{"type":"branch","line":206,"loc":{"start":{"line":206,"column":36},"end":{"line":208,"column":9}},"locations":[{"start":{"line":206,"column":36},"end":{"line":208,"column":9}}]},"37":{"type":"branch","line":208,"loc":{"start":{"line":208,"column":8},"end":{"line":211,"column":47}},"locations":[{"start":{"line":208,"column":8},"end":{"line":211,"column":47}}]},"38":{"type":"branch","line":211,"loc":{"start":{"line":211,"column":47},"end":{"line":229,"column":9}},"locations":[{"start":{"line":211,"column":47},"end":{"line":229,"column":9}}]},"39":{"type":"branch","line":212,"loc":{"start":{"line":212,"column":35},"end":{"line":228,"column":11}},"locations":[{"start":{"line":212,"column":35},"end":{"line":228,"column":11}}]},"40":{"type":"branch","line":221,"loc":{"start":{"line":221,"column":44},"end":{"line":224,"column":15}},"locations":[{"start":{"line":221,"column":44},"end":{"line":224,"column":15}}]},"41":{"type":"branch","line":225,"loc":{"start":{"line":225,"column":12},"end":{"line":227,"column":13}},"locations":[{"start":{"line":225,"column":12},"end":{"line":227,"column":13}}]},"42":{"type":"branch","line":226,"loc":{"start":{"line":226,"column":61},"end":{"line":226,"column":78}},"locations":[{"start":{"line":226,"column":61},"end":{"line":226,"column":78}}]},"43":{"type":"branch","line":229,"loc":{"start":{"line":229,"column":8},"end":{"line":232,"column":54}},"locations":[{"start":{"line":229,"column":8},"end":{"line":232,"column":54}}]},"44":{"type":"branch","line":232,"loc":{"start":{"line":232,"column":53},"end":{"line":233,"column":54}},"locations":[{"start":{"line":232,"column":53},"end":{"line":233,"column":54}}]},"45":{"type":"branch","line":236,"loc":{"start":{"line":236,"column":20},"end":{"line":251,"column":21}},"locations":[{"start":{"line":236,"column":20},"end":{"line":251,"column":21}}]},"46":{"type":"branch","line":237,"loc":{"start":{"line":237,"column":49},"end":{"line":249,"column":11}},"locations":[{"start":{"line":237,"column":49},"end":{"line":249,"column":11}}]},"47":{"type":"branch","line":238,"loc":{"start":{"line":238,"column":36},"end":{"line":248,"column":13}},"locations":[{"start":{"line":238,"column":36},"end":{"line":248,"column":13}}]},"48":{"type":"branch","line":245,"loc":{"start":{"line":245,"column":14},"end":{"line":247,"column":15}},"locations":[{"start":{"line":245,"column":14},"end":{"line":247,"column":15}}]},"49":{"type":"branch","line":246,"loc":{"start":{"line":246,"column":64},"end":{"line":246,"column":81}},"locations":[{"start":{"line":246,"column":64},"end":{"line":246,"column":81}}]},"50":{"type":"branch","line":258,"loc":{"start":{"line":258,"column":31},"end":{"line":347,"column":7}},"locations":[{"start":{"line":258,"column":31},"end":{"line":347,"column":7}}]},"51":{"type":"branch","line":260,"loc":{"start":{"line":260,"column":101},"end":{"line":262,"column":9}},"locations":[{"start":{"line":260,"column":101},"end":{"line":262,"column":9}}]},"52":{"type":"branch","line":264,"loc":{"start":{"line":264,"column":30},"end":{"line":268,"column":9}},"locations":[{"start":{"line":264,"column":30},"end":{"line":268,"column":9}}]},"53":{"type":"branch","line":274,"loc":{"start":{"line":274,"column":35},"end":{"line":279,"column":9}},"locations":[{"start":{"line":274,"column":35},"end":{"line":279,"column":9}}]},"54":{"type":"branch","line":290,"loc":{"start":{"line":290,"column":69},"end":{"line":290,"column":82}},"locations":[{"start":{"line":290,"column":69},"end":{"line":290,"column":82}}]},"55":{"type":"branch","line":299,"loc":{"start":{"line":299,"column":10},"end":{"line":303,"column":9}},"locations":[{"start":{"line":299,"column":10},"end":{"line":303,"column":9}}]},"56":{"type":"branch","line":315,"loc":{"start":{"line":315,"column":44},"end":{"line":318,"column":15}},"locations":[{"start":{"line":315,"column":44},"end":{"line":318,"column":15}}]},"57":{"type":"branch","line":319,"loc":{"start":{"line":319,"column":12},"end":{"line":321,"column":13}},"locations":[{"start":{"line":319,"column":12},"end":{"line":321,"column":13}}]},"58":{"type":"branch","line":327,"loc":{"start":{"line":327,"column":47},"end":{"line":328,"column":48}},"locations":[{"start":{"line":327,"column":47},"end":{"line":328,"column":48}}]},"59":{"type":"branch","line":340,"loc":{"start":{"line":340,"column":14},"end":{"line":342,"column":15}},"locations":[{"start":{"line":340,"column":14},"end":{"line":342,"column":15}}]},"60":{"type":"branch","line":354,"loc":{"start":{"line":354,"column":7},"end":{"line":527,"column":1}},"locations":[{"start":{"line":354,"column":7},"end":{"line":527,"column":1}}]},"61":{"type":"branch","line":368,"loc":{"start":{"line":368,"column":22},"end":{"line":394,"column":3}},"locations":[{"start":{"line":368,"column":22},"end":{"line":394,"column":3}}]},"62":{"type":"branch","line":369,"loc":{"start":{"line":369,"column":29},"end":{"line":371,"column":5}},"locations":[{"start":{"line":369,"column":29},"end":{"line":371,"column":5}}]},"63":{"type":"branch","line":381,"loc":{"start":{"line":381,"column":42},"end":{"line":389,"column":5}},"locations":[{"start":{"line":381,"column":42},"end":{"line":389,"column":5}}]},"64":{"type":"branch","line":382,"loc":{"start":{"line":382,"column":25},"end":{"line":388,"column":7}},"locations":[{"start":{"line":382,"column":25},"end":{"line":388,"column":7}}]},"65":{"type":"branch","line":385,"loc":{"start":{"line":385,"column":8},"end":{"line":387,"column":9}},"locations":[{"start":{"line":385,"column":8},"end":{"line":387,"column":9}}]},"66":{"type":"branch","line":398,"loc":{"start":{"line":398,"column":4},"end":{"line":411,"column":5}},"locations":[{"start":{"line":398,"column":4},"end":{"line":411,"column":5}}]},"67":{"type":"branch","line":400,"loc":{"start":{"line":400,"column":19},"end":{"line":400,"column":52}},"locations":[{"start":{"line":400,"column":19},"end":{"line":400,"column":52}}]},"68":{"type":"branch","line":400,"loc":{"start":{"line":400,"column":37},"end":{"line":400,"column":75}},"locations":[{"start":{"line":400,"column":37},"end":{"line":400,"column":75}}]},"69":{"type":"branch","line":400,"loc":{"start":{"line":400,"column":61},"end":{"line":400,"column":95}},"locations":[{"start":{"line":400,"column":61},"end":{"line":400,"column":95}}]},"70":{"type":"branch","line":400,"loc":{"start":{"line":400,"column":95},"end":{"line":402,"column":7}},"locations":[{"start":{"line":400,"column":95},"end":{"line":402,"column":7}}]},"71":{"type":"branch","line":402,"loc":{"start":{"line":402,"column":6},"end":{"line":405,"column":69}},"locations":[{"start":{"line":402,"column":6},"end":{"line":405,"column":69}}]},"72":{"type":"branch","line":402,"loc":{"start":{"line":402,"column":6},"end":{"line":405,"column":38}},"locations":[{"start":{"line":402,"column":6},"end":{"line":405,"column":38}}]},"73":{"type":"branch","line":405,"loc":{"start":{"line":405,"column":26},"end":{"line":405,"column":69}},"locations":[{"start":{"line":405,"column":26},"end":{"line":405,"column":69}}]},"74":{"type":"branch","line":405,"loc":{"start":{"line":405,"column":69},"end":{"line":407,"column":7}},"locations":[{"start":{"line":405,"column":69},"end":{"line":407,"column":7}}]},"75":{"type":"branch","line":407,"loc":{"start":{"line":407,"column":6},"end":{"line":410,"column":38}},"locations":[{"start":{"line":407,"column":6},"end":{"line":410,"column":38}}]},"76":{"type":"branch","line":417,"loc":{"start":{"line":417,"column":13},"end":{"line":441,"column":8}},"locations":[{"start":{"line":417,"column":13},"end":{"line":441,"column":8}}]},"77":{"type":"branch","line":418,"loc":{"start":{"line":418,"column":33},"end":{"line":420,"column":9}},"locations":[{"start":{"line":418,"column":33},"end":{"line":420,"column":9}}]},"78":{"type":"branch","line":420,"loc":{"start":{"line":420,"column":8},"end":{"line":422,"column":60}},"locations":[{"start":{"line":420,"column":8},"end":{"line":422,"column":60}}]},"79":{"type":"branch","line":422,"loc":{"start":{"line":422,"column":58},"end":{"line":423,"column":28}},"locations":[{"start":{"line":422,"column":58},"end":{"line":423,"column":28}}]},"80":{"type":"branch","line":423,"loc":{"start":{"line":423,"column":12},"end":{"line":424,"column":29}},"locations":[{"start":{"line":423,"column":12},"end":{"line":424,"column":29}}]},"81":{"type":"branch","line":426,"loc":{"start":{"line":426,"column":43},"end":{"line":438,"column":9}},"locations":[{"start":{"line":426,"column":43},"end":{"line":438,"column":9}}]},"82":{"type":"branch","line":428,"loc":{"start":{"line":428,"column":34},"end":{"line":430,"column":17}},"locations":[{"start":{"line":428,"column":34},"end":{"line":430,"column":17}}]},"83":{"type":"branch","line":430,"loc":{"start":{"line":430,"column":10},"end":{"line":432,"column":11}},"locations":[{"start":{"line":430,"column":10},"end":{"line":432,"column":11}}]},"84":{"type":"branch","line":435,"loc":{"start":{"line":435,"column":21},"end":{"line":435,"column":43}},"locations":[{"start":{"line":435,"column":21},"end":{"line":435,"column":43}}]},"85":{"type":"branch","line":435,"loc":{"start":{"line":435,"column":43},"end":{"line":437,"column":11}},"locations":[{"start":{"line":435,"column":43},"end":{"line":437,"column":11}}]},"86":{"type":"branch","line":438,"loc":{"start":{"line":438,"column":8},"end":{"line":440,"column":54}},"locations":[{"start":{"line":438,"column":8},"end":{"line":440,"column":54}}]},"87":{"type":"branch","line":427,"loc":{"start":{"line":427,"column":59},"end":{"line":427,"column":82}},"locations":[{"start":{"line":427,"column":59},"end":{"line":427,"column":82}}]},"88":{"type":"branch","line":447,"loc":{"start":{"line":447,"column":13},"end":{"line":475,"column":8}},"locations":[{"start":{"line":447,"column":13},"end":{"line":475,"column":8}}]},"89":{"type":"branch","line":452,"loc":{"start":{"line":452,"column":33},"end":{"line":454,"column":9}},"locations":[{"start":{"line":452,"column":33},"end":{"line":454,"column":9}}]},"90":{"type":"branch","line":454,"loc":{"start":{"line":454,"column":8},"end":{"line":457,"column":65}},"locations":[{"start":{"line":454,"column":8},"end":{"line":457,"column":65}}]},"91":{"type":"branch","line":457,"loc":{"start":{"line":457,"column":65},"end":{"line":474,"column":69}},"locations":[{"start":{"line":457,"column":65},"end":{"line":474,"column":69}}]},"92":{"type":"branch","line":461,"loc":{"start":{"line":461,"column":37},"end":{"line":469,"column":13}},"locations":[{"start":{"line":461,"column":37},"end":{"line":469,"column":13}}]},"93":{"type":"branch","line":465,"loc":{"start":{"line":465,"column":16},"end":{"line":467,"column":17}},"locations":[{"start":{"line":465,"column":16},"end":{"line":467,"column":17}}]},"94":{"type":"branch","line":481,"loc":{"start":{"line":481,"column":13},"end":{"line":507,"column":8}},"locations":[{"start":{"line":481,"column":13},"end":{"line":507,"column":8}}]},"95":{"type":"branch","line":482,"loc":{"start":{"line":482,"column":33},"end":{"line":484,"column":9}},"locations":[{"start":{"line":482,"column":33},"end":{"line":484,"column":9}}]},"96":{"type":"branch","line":484,"loc":{"start":{"line":484,"column":8},"end":{"line":490,"column":65}},"locations":[{"start":{"line":484,"column":8},"end":{"line":490,"column":65}}]},"97":{"type":"branch","line":490,"loc":{"start":{"line":490,"column":65},"end":{"line":506,"column":19}},"locations":[{"start":{"line":490,"column":65},"end":{"line":506,"column":19}}]},"98":{"type":"branch","line":498,"loc":{"start":{"line":498,"column":16},"end":{"line":500,"column":17}},"locations":[{"start":{"line":498,"column":16},"end":{"line":500,"column":17}}]},"99":{"type":"branch","line":513,"loc":{"start":{"line":513,"column":13},"end":{"line":520,"column":8}},"locations":[{"start":{"line":513,"column":13},"end":{"line":520,"column":8}}]},"100":{"type":"branch","line":514,"loc":{"start":{"line":514,"column":33},"end":{"line":514,"column":40}},"locations":[{"start":{"line":514,"column":33},"end":{"line":514,"column":40}}]},"101":{"type":"branch","line":514,"loc":{"start":{"line":514,"column":33},"end":{"line":519,"column":44}},"locations":[{"start":{"line":514,"column":33},"end":{"line":519,"column":44}}]}},"b":{"0":[15],"1":[29],"2":[6],"3":[33],"4":[50],"5":[20],"6":[49],"7":[22],"8":[33],"9":[31],"10":[2],"11":[2],"12":[40],"13":[215],"14":[136],"15":[54],"16":[171],"17":[44],"18":[0],"19":[44],"20":[14],"21":[14],"22":[11],"23":[7],"24":[44],"25":[62],"26":[0],"27":[17],"28":[45],"29":[17],"30":[17],"31":[17],"32":[17],"33":[45],"34":[0],"35":[17],"36":[3],"37":[17],"38":[20],"39":[19],"40":[3],"41":[2],"42":[0],"43":[14],"44":[0],"45":[14],"46":[17],"47":[14],"48":[1],"49":[0],"50":[1],"51":[0],"52":[0],"53":[0],"54":[0],"55":[0],"56":[0],"57":[0],"58":[0],"59":[0],"60":[33],"61":[27],"62":[0],"63":[27],"64":[21],"65":[0],"66":[67],"67":[35],"68":[30],"69":[25],"70":[46],"71":[62],"72":[21],"73":[19],"74":[13],"75":[8],"76":[31],"77":[2],"78":[29],"79":[4],"80":[25],"81":[34],"82":[1],"83":[33],"84":[30],"85":[30],"86":[29],"87":[8],"88":[4],"89":[1],"90":[3],"91":[3],"92":[3],"93":[1],"94":[4],"95":[1],"96":[3],"97":[3],"98":[1],"99":[3],"100":[1],"101":[2]},"fnMap":{"0":{"name":"hasRootProxy","decl":{"start":{"line":59,"column":21},"end":{"line":61,"column":1}},"loc":{"start":{"line":59,"column":21},"end":{"line":61,"column":1}},"line":59},"1":{"name":"hasProxyPath","decl":{"start":{"line":63,"column":21},"end":{"line":65,"column":1}},"loc":{"start":{"line":63,"column":21},"end":{"line":65,"column":1}},"line":63},"2":{"name":"hasInstanceId","decl":{"start":{"line":67,"column":22},"end":{"line":69,"column":1}},"loc":{"start":{"line":67,"column":22},"end":{"line":69,"column":1}},"line":67},"3":{"name":"createInstanceId","decl":{"start":{"line":72,"column":25},"end":{"line":74,"column":1}},"loc":{"start":{"line":72,"column":25},"end":{"line":74,"column":1}},"line":72},"4":{"name":"isObject","decl":{"start":{"line":76,"column":17},"end":{"line":77,"column":37}},"loc":{"start":{"line":76,"column":17},"end":{"line":77,"column":37}},"line":76},"5":{"name":"addMetaData","decl":{"start":{"line":88,"column":20},"end":{"line":114,"column":1}},"loc":{"start":{"line":88,"column":20},"end":{"line":114,"column":1}},"line":88},"6":{"name":"initializePluginSystem","decl":{"start":{"line":118,"column":31},"end":{"line":352,"column":1}},"loc":{"start":{"line":118,"column":31},"end":{"line":352,"column":1}},"line":118},"7":{"name":"handler.get","decl":{"start":{"line":138,"column":20},"end":{"line":174,"column":7}},"loc":{"start":{"line":138,"column":20},"end":{"line":174,"column":7}},"line":138},"8":{"name":"handler.set","decl":{"start":{"line":180,"column":20},"end":{"line":252,"column":7}},"loc":{"start":{"line":180,"column":20},"end":{"line":252,"column":7}},"line":180},"9":{"name":"handler.deleteProperty","decl":{"start":{"line":258,"column":31},"end":{"line":347,"column":7}},"loc":{"start":{"line":258,"column":31},"end":{"line":347,"column":7}},"line":258},"10":{"name":"proxyInstance","decl":{"start":{"line":354,"column":7},"end":{"line":527,"column":1}},"loc":{"start":{"line":354,"column":7},"end":{"line":527,"column":1}},"line":354},"11":{"name":"createProxy","decl":{"start":{"line":368,"column":22},"end":{"line":394,"column":3}},"loc":{"start":{"line":368,"column":22},"end":{"line":394,"column":3}},"line":368},"12":{"name":"get","decl":{"start":{"line":398,"column":4},"end":{"line":411,"column":5}},"loc":{"start":{"line":398,"column":4},"end":{"line":411,"column":5}},"line":398},"13":{"name":"value","decl":{"start":{"line":417,"column":13},"end":{"line":441,"column":8}},"loc":{"start":{"line":417,"column":13},"end":{"line":441,"column":8}},"line":417},"14":{"name":"value","decl":{"start":{"line":447,"column":13},"end":{"line":475,"column":8}},"loc":{"start":{"line":447,"column":13},"end":{"line":475,"column":8}},"line":447},"15":{"name":"value","decl":{"start":{"line":481,"column":13},"end":{"line":507,"column":8}},"loc":{"start":{"line":481,"column":13},"end":{"line":507,"column":8}},"line":481},"16":{"name":"value","decl":{"start":{"line":513,"column":13},"end":{"line":520,"column":8}},"loc":{"start":{"line":513,"column":13},"end":{"line":520,"column":8}},"line":513}},"f":{"0":15,"1":29,"2":6,"3":33,"4":50,"5":49,"6":33,"7":215,"8":62,"9":1,"10":33,"11":27,"12":67,"13":31,"14":4,"15":4,"16":3}}
}
