{"/Users/mike/Projects/valtio-plugin/src/index.ts": {"path":"/Users/mike/Projects/valtio-plugin/src/index.ts","all":false,"statementMap":{"0":{"start":{"line":1,"column":0},"end":{"line":1,"column":8}},"10":{"start":{"line":11,"column":0},"end":{"line":11,"column":54}},"11":{"start":{"line":12,"column":0},"end":{"line":12,"column":54}},"12":{"start":{"line":13,"column":0},"end":{"line":13,"column":62}},"14":{"start":{"line":15,"column":0},"end":{"line":15,"column":54}},"58":{"start":{"line":59,"column":0},"end":{"line":59,"column":61}},"59":{"start":{"line":60,"column":0},"end":{"line":60,"column":33}},"60":{"start":{"line":61,"column":0},"end":{"line":61,"column":1}},"62":{"start":{"line":63,"column":0},"end":{"line":63,"column":61}},"63":{"start":{"line":64,"column":0},"end":{"line":64,"column":33}},"64":{"start":{"line":65,"column":0},"end":{"line":65,"column":1}},"66":{"start":{"line":67,"column":0},"end":{"line":67,"column":62}},"67":{"start":{"line":68,"column":0},"end":{"line":68,"column":34}},"68":{"start":{"line":69,"column":0},"end":{"line":69,"column":1}},"70":{"start":{"line":71,"column":0},"end":{"line":71,"column":17}},"71":{"start":{"line":72,"column":0},"end":{"line":72,"column":32}},"72":{"start":{"line":73,"column":0},"end":{"line":73,"column":39}},"73":{"start":{"line":74,"column":0},"end":{"line":74,"column":1}},"75":{"start":{"line":76,"column":0},"end":{"line":76,"column":45}},"76":{"start":{"line":77,"column":0},"end":{"line":77,"column":37}},"85":{"start":{"line":86,"column":0},"end":{"line":86,"column":60}},"87":{"start":{"line":88,"column":0},"end":{"line":88,"column":115}},"88":{"start":{"line":89,"column":0},"end":{"line":89,"column":46}},"90":{"start":{"line":91,"column":0},"end":{"line":91,"column":18}},"91":{"start":{"line":92,"column":0},"end":{"line":92,"column":51}},"92":{"start":{"line":93,"column":0},"end":{"line":93,"column":23}},"93":{"start":{"line":94,"column":0},"end":{"line":94,"column":24}},"94":{"start":{"line":95,"column":0},"end":{"line":95,"column":24}},"95":{"start":{"line":96,"column":0},"end":{"line":96,"column":6}},"96":{"start":{"line":97,"column":0},"end":{"line":97,"column":3}},"98":{"start":{"line":99,"column":0},"end":{"line":99,"column":19}},"99":{"start":{"line":100,"column":0},"end":{"line":100,"column":52}},"100":{"start":{"line":101,"column":0},"end":{"line":101,"column":24}},"101":{"start":{"line":102,"column":0},"end":{"line":102,"column":24}},"102":{"start":{"line":103,"column":0},"end":{"line":103,"column":24}},"103":{"start":{"line":104,"column":0},"end":{"line":104,"column":6}},"104":{"start":{"line":105,"column":0},"end":{"line":105,"column":3}},"106":{"start":{"line":107,"column":0},"end":{"line":107,"column":47}},"107":{"start":{"line":108,"column":0},"end":{"line":108,"column":51}},"108":{"start":{"line":109,"column":0},"end":{"line":109,"column":18}},"109":{"start":{"line":110,"column":0},"end":{"line":110,"column":24}},"110":{"start":{"line":111,"column":0},"end":{"line":111,"column":24}},"111":{"start":{"line":112,"column":0},"end":{"line":112,"column":6}},"112":{"start":{"line":113,"column":0},"end":{"line":113,"column":3}},"113":{"start":{"line":114,"column":0},"end":{"line":114,"column":1}},"115":{"start":{"line":116,"column":0},"end":{"line":116,"column":25}},"117":{"start":{"line":118,"column":0},"end":{"line":118,"column":38}},"118":{"start":{"line":119,"column":0},"end":{"line":119,"column":27}},"119":{"start":{"line":120,"column":0},"end":{"line":120,"column":22}},"121":{"start":{"line":122,"column":0},"end":{"line":122,"column":74}},"122":{"start":{"line":123,"column":0},"end":{"line":123,"column":83}},"123":{"start":{"line":124,"column":0},"end":{"line":124,"column":38}},"124":{"start":{"line":125,"column":0},"end":{"line":125,"column":23}},"125":{"start":{"line":126,"column":0},"end":{"line":126,"column":24}},"126":{"start":{"line":127,"column":0},"end":{"line":127,"column":27}},"127":{"start":{"line":128,"column":0},"end":{"line":128,"column":20}},"128":{"start":{"line":129,"column":0},"end":{"line":129,"column":7}},"137":{"start":{"line":138,"column":0},"end":{"line":138,"column":37}},"138":{"start":{"line":139,"column":0},"end":{"line":139,"column":49}},"140":{"start":{"line":141,"column":0},"end":{"line":141,"column":102}},"141":{"start":{"line":142,"column":0},"end":{"line":142,"column":52}},"142":{"start":{"line":143,"column":0},"end":{"line":143,"column":9}},"144":{"start":{"line":145,"column":0},"end":{"line":145,"column":34}},"145":{"start":{"line":146,"column":0},"end":{"line":146,"column":47}},"146":{"start":{"line":147,"column":0},"end":{"line":147,"column":47}},"150":{"start":{"line":151,"column":0},"end":{"line":151,"column":54}},"152":{"start":{"line":153,"column":0},"end":{"line":153,"column":78}},"153":{"start":{"line":154,"column":0},"end":{"line":154,"column":26}},"155":{"start":{"line":156,"column":0},"end":{"line":156,"column":40}},"156":{"start":{"line":157,"column":0},"end":{"line":157,"column":65}},"158":{"start":{"line":159,"column":0},"end":{"line":159,"column":84}},"160":{"start":{"line":161,"column":0},"end":{"line":161,"column":54}},"161":{"start":{"line":162,"column":0},"end":{"line":162,"column":43}},"162":{"start":{"line":163,"column":0},"end":{"line":163,"column":102}},"163":{"start":{"line":164,"column":0},"end":{"line":164,"column":15}},"165":{"start":{"line":166,"column":0},"end":{"line":166,"column":48}},"166":{"start":{"line":167,"column":0},"end":{"line":167,"column":58}},"168":{"start":{"line":169,"column":0},"end":{"line":169,"column":51}},"169":{"start":{"line":170,"column":0},"end":{"line":170,"column":63}},"170":{"start":{"line":171,"column":0},"end":{"line":171,"column":13}},"171":{"start":{"line":172,"column":0},"end":{"line":172,"column":11}},"172":{"start":{"line":173,"column":0},"end":{"line":173,"column":9}},"173":{"start":{"line":174,"column":0},"end":{"line":174,"column":21}},"174":{"start":{"line":175,"column":0},"end":{"line":175,"column":7}},"179":{"start":{"line":180,"column":0},"end":{"line":180,"column":37}},"180":{"start":{"line":181,"column":0},"end":{"line":181,"column":56}},"182":{"start":{"line":183,"column":0},"end":{"line":183,"column":102}},"183":{"start":{"line":184,"column":0},"end":{"line":184,"column":59}},"184":{"start":{"line":185,"column":0},"end":{"line":185,"column":9}},"187":{"start":{"line":188,"column":0},"end":{"line":188,"column":76}},"188":{"start":{"line":189,"column":0},"end":{"line":189,"column":78}},"189":{"start":{"line":190,"column":0},"end":{"line":190,"column":82}},"191":{"start":{"line":192,"column":0},"end":{"line":192,"column":12}},"192":{"start":{"line":193,"column":0},"end":{"line":193,"column":29}},"193":{"start":{"line":194,"column":0},"end":{"line":194,"column":24}},"194":{"start":{"line":195,"column":0},"end":{"line":195,"column":24}},"195":{"start":{"line":196,"column":0},"end":{"line":196,"column":22}},"196":{"start":{"line":197,"column":0},"end":{"line":197,"column":29}},"197":{"start":{"line":198,"column":0},"end":{"line":198,"column":11}},"198":{"start":{"line":199,"column":0},"end":{"line":199,"column":28}},"199":{"start":{"line":200,"column":0},"end":{"line":200,"column":56}},"200":{"start":{"line":201,"column":0},"end":{"line":201,"column":56}},"201":{"start":{"line":202,"column":0},"end":{"line":202,"column":9}},"203":{"start":{"line":204,"column":0},"end":{"line":204,"column":51}},"205":{"start":{"line":206,"column":0},"end":{"line":206,"column":46}},"206":{"start":{"line":207,"column":0},"end":{"line":207,"column":37}},"207":{"start":{"line":208,"column":0},"end":{"line":208,"column":94}},"208":{"start":{"line":209,"column":0},"end":{"line":209,"column":9}},"209":{"start":{"line":210,"column":0},"end":{"line":210,"column":44}},"211":{"start":{"line":212,"column":0},"end":{"line":212,"column":48}},"212":{"start":{"line":213,"column":0},"end":{"line":213,"column":36}},"213":{"start":{"line":214,"column":0},"end":{"line":214,"column":17}},"214":{"start":{"line":215,"column":0},"end":{"line":215,"column":57}},"215":{"start":{"line":216,"column":0},"end":{"line":216,"column":37}},"216":{"start":{"line":217,"column":0},"end":{"line":217,"column":22}},"217":{"start":{"line":218,"column":0},"end":{"line":218,"column":26}},"218":{"start":{"line":219,"column":0},"end":{"line":219,"column":25}},"219":{"start":{"line":220,"column":0},"end":{"line":220,"column":15}},"221":{"start":{"line":222,"column":0},"end":{"line":222,"column":45}},"223":{"start":{"line":224,"column":0},"end":{"line":224,"column":72}},"224":{"start":{"line":225,"column":0},"end":{"line":225,"column":15}},"225":{"start":{"line":226,"column":0},"end":{"line":226,"column":25}},"226":{"start":{"line":227,"column":0},"end":{"line":227,"column":121}},"227":{"start":{"line":228,"column":0},"end":{"line":228,"column":13}},"228":{"start":{"line":229,"column":0},"end":{"line":229,"column":11}},"229":{"start":{"line":230,"column":0},"end":{"line":230,"column":9}},"231":{"start":{"line":232,"column":0},"end":{"line":232,"column":34}},"232":{"start":{"line":233,"column":0},"end":{"line":233,"column":54}},"233":{"start":{"line":234,"column":0},"end":{"line":234,"column":54}},"236":{"start":{"line":237,"column":0},"end":{"line":237,"column":21}},"237":{"start":{"line":238,"column":0},"end":{"line":238,"column":50}},"238":{"start":{"line":239,"column":0},"end":{"line":239,"column":37}},"239":{"start":{"line":240,"column":0},"end":{"line":240,"column":19}},"240":{"start":{"line":241,"column":0},"end":{"line":241,"column":35}},"241":{"start":{"line":242,"column":0},"end":{"line":242,"column":39}},"242":{"start":{"line":243,"column":0},"end":{"line":243,"column":24}},"243":{"start":{"line":244,"column":0},"end":{"line":244,"column":27}},"244":{"start":{"line":245,"column":0},"end":{"line":245,"column":17}},"245":{"start":{"line":246,"column":0},"end":{"line":246,"column":27}},"246":{"start":{"line":247,"column":0},"end":{"line":247,"column":123}},"247":{"start":{"line":248,"column":0},"end":{"line":248,"column":15}},"248":{"start":{"line":249,"column":0},"end":{"line":249,"column":13}},"249":{"start":{"line":250,"column":0},"end":{"line":250,"column":11}},"250":{"start":{"line":251,"column":0},"end":{"line":251,"column":9}},"251":{"start":{"line":252,"column":0},"end":{"line":252,"column":21}},"252":{"start":{"line":253,"column":0},"end":{"line":253,"column":7}},"257":{"start":{"line":258,"column":0},"end":{"line":258,"column":59}},"258":{"start":{"line":259,"column":0},"end":{"line":259,"column":50}},"260":{"start":{"line":261,"column":0},"end":{"line":261,"column":102}},"261":{"start":{"line":262,"column":0},"end":{"line":262,"column":53}},"262":{"start":{"line":263,"column":0},"end":{"line":263,"column":9}},"264":{"start":{"line":265,"column":0},"end":{"line":265,"column":31}},"265":{"start":{"line":266,"column":0},"end":{"line":266,"column":40}},"266":{"start":{"line":267,"column":0},"end":{"line":267,"column":51}},"267":{"start":{"line":268,"column":0},"end":{"line":268,"column":50}},"268":{"start":{"line":269,"column":0},"end":{"line":269,"column":9}},"271":{"start":{"line":272,"column":0},"end":{"line":272,"column":51}},"274":{"start":{"line":275,"column":0},"end":{"line":275,"column":36}},"276":{"start":{"line":277,"column":0},"end":{"line":277,"column":40}},"277":{"start":{"line":278,"column":0},"end":{"line":278,"column":51}},"278":{"start":{"line":279,"column":0},"end":{"line":279,"column":50}},"279":{"start":{"line":280,"column":0},"end":{"line":280,"column":9}},"282":{"start":{"line":283,"column":0},"end":{"line":283,"column":72}},"283":{"start":{"line":284,"column":0},"end":{"line":284,"column":74}},"285":{"start":{"line":286,"column":0},"end":{"line":286,"column":46}},"286":{"start":{"line":287,"column":0},"end":{"line":287,"column":35}},"287":{"start":{"line":288,"column":0},"end":{"line":288,"column":90}},"288":{"start":{"line":289,"column":0},"end":{"line":289,"column":9}},"290":{"start":{"line":291,"column":0},"end":{"line":291,"column":82}},"291":{"start":{"line":292,"column":0},"end":{"line":292,"column":44}},"293":{"start":{"line":294,"column":0},"end":{"line":294,"column":12}},"294":{"start":{"line":295,"column":0},"end":{"line":295,"column":29}},"295":{"start":{"line":296,"column":0},"end":{"line":296,"column":24}},"296":{"start":{"line":297,"column":0},"end":{"line":297,"column":24}},"297":{"start":{"line":298,"column":0},"end":{"line":298,"column":22}},"298":{"start":{"line":299,"column":0},"end":{"line":299,"column":29}},"299":{"start":{"line":300,"column":0},"end":{"line":300,"column":11}},"300":{"start":{"line":301,"column":0},"end":{"line":301,"column":39}},"301":{"start":{"line":302,"column":0},"end":{"line":302,"column":50}},"302":{"start":{"line":303,"column":0},"end":{"line":303,"column":50}},"303":{"start":{"line":304,"column":0},"end":{"line":304,"column":9}},"306":{"start":{"line":307,"column":0},"end":{"line":307,"column":48}},"307":{"start":{"line":308,"column":0},"end":{"line":308,"column":36}},"308":{"start":{"line":309,"column":0},"end":{"line":309,"column":17}},"309":{"start":{"line":310,"column":0},"end":{"line":310,"column":57}},"310":{"start":{"line":311,"column":0},"end":{"line":311,"column":38}},"311":{"start":{"line":312,"column":0},"end":{"line":312,"column":27}},"312":{"start":{"line":313,"column":0},"end":{"line":313,"column":27}},"313":{"start":{"line":314,"column":0},"end":{"line":314,"column":25}},"314":{"start":{"line":315,"column":0},"end":{"line":315,"column":15}},"315":{"start":{"line":316,"column":0},"end":{"line":316,"column":45}},"317":{"start":{"line":318,"column":0},"end":{"line":318,"column":28}},"318":{"start":{"line":319,"column":0},"end":{"line":319,"column":15}},"319":{"start":{"line":320,"column":0},"end":{"line":320,"column":25}},"320":{"start":{"line":321,"column":0},"end":{"line":321,"column":120}},"321":{"start":{"line":322,"column":0},"end":{"line":322,"column":13}},"322":{"start":{"line":323,"column":0},"end":{"line":323,"column":11}},"323":{"start":{"line":324,"column":0},"end":{"line":324,"column":9}},"326":{"start":{"line":327,"column":0},"end":{"line":327,"column":46}},"327":{"start":{"line":328,"column":0},"end":{"line":328,"column":49}},"328":{"start":{"line":329,"column":0},"end":{"line":329,"column":48}},"331":{"start":{"line":332,"column":0},"end":{"line":332,"column":21}},"332":{"start":{"line":333,"column":0},"end":{"line":333,"column":50}},"333":{"start":{"line":334,"column":0},"end":{"line":334,"column":37}},"334":{"start":{"line":335,"column":0},"end":{"line":335,"column":19}},"335":{"start":{"line":336,"column":0},"end":{"line":336,"column":35}},"336":{"start":{"line":337,"column":0},"end":{"line":337,"column":40}},"337":{"start":{"line":338,"column":0},"end":{"line":338,"column":29}},"338":{"start":{"line":339,"column":0},"end":{"line":339,"column":27}},"339":{"start":{"line":340,"column":0},"end":{"line":340,"column":17}},"340":{"start":{"line":341,"column":0},"end":{"line":341,"column":27}},"341":{"start":{"line":342,"column":0},"end":{"line":342,"column":77}},"342":{"start":{"line":343,"column":0},"end":{"line":343,"column":15}},"343":{"start":{"line":344,"column":0},"end":{"line":344,"column":13}},"344":{"start":{"line":345,"column":0},"end":{"line":345,"column":11}},"345":{"start":{"line":346,"column":0},"end":{"line":346,"column":9}},"346":{"start":{"line":347,"column":0},"end":{"line":347,"column":21}},"347":{"start":{"line":348,"column":0},"end":{"line":348,"column":7}},"349":{"start":{"line":350,"column":0},"end":{"line":350,"column":20}},"350":{"start":{"line":351,"column":0},"end":{"line":351,"column":5}},"351":{"start":{"line":352,"column":0},"end":{"line":352,"column":4}},"352":{"start":{"line":353,"column":0},"end":{"line":353,"column":1}},"354":{"start":{"line":355,"column":0},"end":{"line":355,"column":47}},"355":{"start":{"line":356,"column":0},"end":{"line":356,"column":26}},"357":{"start":{"line":358,"column":0},"end":{"line":358,"column":39}},"359":{"start":{"line":360,"column":0},"end":{"line":360,"column":38}},"360":{"start":{"line":361,"column":0},"end":{"line":361,"column":19}},"361":{"start":{"line":362,"column":0},"end":{"line":362,"column":16}},"362":{"start":{"line":363,"column":0},"end":{"line":363,"column":26}},"363":{"start":{"line":364,"column":0},"end":{"line":364,"column":21}},"364":{"start":{"line":365,"column":0},"end":{"line":365,"column":3}},"366":{"start":{"line":367,"column":0},"end":{"line":367,"column":44}},"368":{"start":{"line":369,"column":0},"end":{"line":369,"column":65}},"369":{"start":{"line":370,"column":0},"end":{"line":370,"column":30}},"370":{"start":{"line":371,"column":0},"end":{"line":371,"column":56}},"371":{"start":{"line":372,"column":0},"end":{"line":372,"column":5}},"374":{"start":{"line":375,"column":0},"end":{"line":375,"column":51}},"377":{"start":{"line":378,"column":0},"end":{"line":378,"column":64}},"378":{"start":{"line":379,"column":0},"end":{"line":379,"column":34}},"381":{"start":{"line":382,"column":0},"end":{"line":382,"column":43}},"382":{"start":{"line":383,"column":0},"end":{"line":383,"column":26}},"383":{"start":{"line":384,"column":0},"end":{"line":384,"column":13}},"384":{"start":{"line":385,"column":0},"end":{"line":385,"column":25}},"385":{"start":{"line":386,"column":0},"end":{"line":386,"column":21}},"386":{"start":{"line":387,"column":0},"end":{"line":387,"column":66}},"387":{"start":{"line":388,"column":0},"end":{"line":388,"column":9}},"388":{"start":{"line":389,"column":0},"end":{"line":389,"column":7}},"389":{"start":{"line":390,"column":0},"end":{"line":390,"column":5}},"393":{"start":{"line":394,"column":0},"end":{"line":394,"column":22}},"394":{"start":{"line":395,"column":0},"end":{"line":395,"column":3}},"397":{"start":{"line":398,"column":0},"end":{"line":398,"column":42}},"398":{"start":{"line":399,"column":0},"end":{"line":399,"column":23}},"400":{"start":{"line":401,"column":0},"end":{"line":401,"column":96}},"401":{"start":{"line":402,"column":0},"end":{"line":402,"column":40}},"402":{"start":{"line":403,"column":0},"end":{"line":403,"column":7}},"405":{"start":{"line":406,"column":0},"end":{"line":406,"column":70}},"406":{"start":{"line":407,"column":0},"end":{"line":407,"column":44}},"407":{"start":{"line":408,"column":0},"end":{"line":408,"column":7}},"410":{"start":{"line":411,"column":0},"end":{"line":411,"column":38}},"411":{"start":{"line":412,"column":0},"end":{"line":412,"column":5}},"412":{"start":{"line":413,"column":0},"end":{"line":413,"column":4}},"415":{"start":{"line":416,"column":0},"end":{"line":416,"column":36}},"416":{"start":{"line":417,"column":0},"end":{"line":417,"column":10}},"417":{"start":{"line":418,"column":0},"end":{"line":418,"column":66}},"418":{"start":{"line":419,"column":0},"end":{"line":419,"column":34}},"419":{"start":{"line":420,"column":0},"end":{"line":420,"column":60}},"420":{"start":{"line":421,"column":0},"end":{"line":421,"column":9}},"422":{"start":{"line":423,"column":0},"end":{"line":423,"column":60}},"423":{"start":{"line":424,"column":0},"end":{"line":424,"column":28}},"424":{"start":{"line":425,"column":0},"end":{"line":425,"column":29}},"426":{"start":{"line":427,"column":0},"end":{"line":427,"column":44}},"427":{"start":{"line":428,"column":0},"end":{"line":428,"column":83}},"428":{"start":{"line":429,"column":0},"end":{"line":429,"column":35}},"429":{"start":{"line":430,"column":0},"end":{"line":430,"column":52}},"430":{"start":{"line":431,"column":0},"end":{"line":431,"column":18}},"431":{"start":{"line":432,"column":0},"end":{"line":432,"column":41}},"432":{"start":{"line":433,"column":0},"end":{"line":433,"column":11}},"435":{"start":{"line":436,"column":0},"end":{"line":436,"column":44}},"436":{"start":{"line":437,"column":0},"end":{"line":437,"column":62}},"437":{"start":{"line":438,"column":0},"end":{"line":438,"column":11}},"438":{"start":{"line":439,"column":0},"end":{"line":439,"column":9}},"440":{"start":{"line":441,"column":0},"end":{"line":441,"column":54}},"441":{"start":{"line":442,"column":0},"end":{"line":442,"column":8}},"442":{"start":{"line":443,"column":0},"end":{"line":443,"column":23}},"443":{"start":{"line":444,"column":0},"end":{"line":444,"column":25}},"444":{"start":{"line":445,"column":0},"end":{"line":445,"column":6}},"446":{"start":{"line":447,"column":0},"end":{"line":447,"column":16}},"447":{"start":{"line":448,"column":0},"end":{"line":448,"column":32}},"448":{"start":{"line":449,"column":0},"end":{"line":449,"column":23}},"449":{"start":{"line":450,"column":0},"end":{"line":450,"column":47}},"450":{"start":{"line":451,"column":0},"end":{"line":451,"column":30}},"451":{"start":{"line":452,"column":0},"end":{"line":452,"column":26}},"452":{"start":{"line":453,"column":0},"end":{"line":453,"column":34}},"453":{"start":{"line":454,"column":0},"end":{"line":454,"column":60}},"454":{"start":{"line":455,"column":0},"end":{"line":455,"column":9}},"457":{"start":{"line":458,"column":0},"end":{"line":458,"column":66}},"458":{"start":{"line":459,"column":0},"end":{"line":459,"column":60}},"459":{"start":{"line":460,"column":0},"end":{"line":460,"column":43}},"461":{"start":{"line":462,"column":0},"end":{"line":462,"column":48}},"462":{"start":{"line":463,"column":0},"end":{"line":463,"column":39}},"463":{"start":{"line":464,"column":0},"end":{"line":464,"column":21}},"464":{"start":{"line":465,"column":0},"end":{"line":465,"column":59}},"465":{"start":{"line":466,"column":0},"end":{"line":466,"column":29}},"466":{"start":{"line":467,"column":0},"end":{"line":467,"column":79}},"467":{"start":{"line":468,"column":0},"end":{"line":468,"column":17}},"468":{"start":{"line":469,"column":0},"end":{"line":469,"column":15}},"469":{"start":{"line":470,"column":0},"end":{"line":470,"column":14}},"470":{"start":{"line":471,"column":0},"end":{"line":471,"column":11}},"471":{"start":{"line":472,"column":0},"end":{"line":472,"column":9}},"474":{"start":{"line":475,"column":0},"end":{"line":475,"column":69}},"475":{"start":{"line":476,"column":0},"end":{"line":476,"column":8}},"476":{"start":{"line":477,"column":0},"end":{"line":477,"column":23}},"477":{"start":{"line":478,"column":0},"end":{"line":478,"column":25}},"478":{"start":{"line":479,"column":0},"end":{"line":479,"column":6}},"480":{"start":{"line":481,"column":0},"end":{"line":481,"column":15}},"481":{"start":{"line":482,"column":0},"end":{"line":482,"column":52}},"482":{"start":{"line":483,"column":0},"end":{"line":483,"column":34}},"483":{"start":{"line":484,"column":0},"end":{"line":484,"column":60}},"484":{"start":{"line":485,"column":0},"end":{"line":485,"column":9}},"487":{"start":{"line":488,"column":0},"end":{"line":488,"column":48}},"490":{"start":{"line":491,"column":0},"end":{"line":491,"column":66}},"491":{"start":{"line":492,"column":0},"end":{"line":492,"column":60}},"492":{"start":{"line":493,"column":0},"end":{"line":493,"column":43}},"494":{"start":{"line":495,"column":0},"end":{"line":495,"column":51}},"495":{"start":{"line":496,"column":0},"end":{"line":496,"column":41}},"496":{"start":{"line":497,"column":0},"end":{"line":497,"column":21}},"497":{"start":{"line":498,"column":0},"end":{"line":498,"column":51}},"498":{"start":{"line":499,"column":0},"end":{"line":499,"column":29}},"499":{"start":{"line":500,"column":0},"end":{"line":500,"column":81}},"500":{"start":{"line":501,"column":0},"end":{"line":501,"column":17}},"501":{"start":{"line":502,"column":0},"end":{"line":502,"column":15}},"502":{"start":{"line":503,"column":0},"end":{"line":503,"column":13}},"503":{"start":{"line":504,"column":0},"end":{"line":504,"column":11}},"504":{"start":{"line":505,"column":0},"end":{"line":505,"column":9}},"506":{"start":{"line":507,"column":0},"end":{"line":507,"column":19}},"507":{"start":{"line":508,"column":0},"end":{"line":508,"column":8}},"508":{"start":{"line":509,"column":0},"end":{"line":509,"column":23}},"509":{"start":{"line":510,"column":0},"end":{"line":510,"column":25}},"510":{"start":{"line":511,"column":0},"end":{"line":511,"column":6}},"512":{"start":{"line":513,"column":0},"end":{"line":513,"column":14}},"513":{"start":{"line":514,"column":0},"end":{"line":514,"column":20}},"514":{"start":{"line":515,"column":0},"end":{"line":515,"column":40}},"516":{"start":{"line":517,"column":0},"end":{"line":517,"column":35}},"517":{"start":{"line":518,"column":0},"end":{"line":518,"column":36}},"518":{"start":{"line":519,"column":0},"end":{"line":519,"column":36}},"519":{"start":{"line":520,"column":0},"end":{"line":520,"column":44}},"520":{"start":{"line":521,"column":0},"end":{"line":521,"column":8}},"521":{"start":{"line":522,"column":0},"end":{"line":522,"column":23}},"522":{"start":{"line":523,"column":0},"end":{"line":523,"column":25}},"523":{"start":{"line":524,"column":0},"end":{"line":524,"column":5}},"524":{"start":{"line":525,"column":0},"end":{"line":525,"column":4}},"526":{"start":{"line":527,"column":0},"end":{"line":527,"column":32}},"527":{"start":{"line":528,"column":0},"end":{"line":528,"column":1}},"530":{"start":{"line":531,"column":0},"end":{"line":531,"column":33}},"531":{"start":{"line":532,"column":0},"end":{"line":532,"column":40}}},"s":{"0":1,"10":1,"11":1,"12":1,"14":1,"58":1,"59":36,"60":36,"62":1,"63":56,"64":56,"66":1,"67":6,"68":6,"70":1,"71":1,"72":44,"73":44,"75":1,"76":96,"85":1,"87":1,"88":67,"90":67,"91":67,"92":67,"93":67,"94":67,"95":67,"96":67,"98":67,"99":67,"100":67,"101":67,"102":67,"103":67,"104":67,"106":67,"107":30,"108":30,"109":30,"110":30,"111":30,"112":30,"113":67,"115":1,"117":1,"118":44,"119":3,"121":3,"122":3,"123":54,"124":54,"125":54,"126":54,"127":54,"128":54,"137":54,"138":54,"140":376,"141":286,"142":286,"144":90,"145":0,"146":90,"150":376,"152":35,"153":35,"155":35,"156":15,"158":15,"160":15,"161":15,"162":9,"163":9,"165":15,"166":15,"168":15,"169":15,"170":15,"171":35,"172":35,"173":90,"174":376,"179":54,"180":54,"182":103,"183":0,"184":0,"187":103,"188":103,"189":103,"191":103,"192":103,"193":40,"194":40,"195":40,"196":40,"197":103,"198":63,"199":63,"200":0,"201":63,"203":40,"205":40,"206":103,"207":9,"208":9,"209":40,"211":88,"212":43,"213":42,"214":42,"215":42,"216":42,"217":42,"218":42,"219":42,"221":42,"223":12,"224":12,"225":42,"226":2,"227":2,"228":42,"229":43,"231":28,"232":28,"233":0,"236":103,"237":28,"238":31,"239":16,"240":16,"241":16,"242":16,"243":16,"244":16,"245":16,"246":1,"247":1,"248":16,"249":31,"250":28,"251":28,"252":103,"257":54,"258":54,"260":1,"261":0,"262":0,"264":1,"265":0,"266":0,"267":0,"268":0,"271":1,"274":1,"276":0,"277":0,"278":0,"279":0,"282":1,"283":1,"285":1,"286":1,"287":1,"288":1,"290":1,"291":1,"293":1,"294":1,"295":1,"296":1,"297":1,"298":1,"299":1,"300":0,"301":0,"302":0,"303":0,"306":1,"307":1,"308":1,"309":1,"310":1,"311":1,"312":1,"313":1,"314":1,"315":1,"317":0,"318":0,"319":1,"320":0,"321":0,"322":1,"323":1,"326":1,"327":1,"328":0,"331":1,"332":1,"333":1,"334":1,"335":1,"336":1,"337":1,"338":1,"339":1,"340":1,"341":0,"342":0,"343":1,"344":1,"345":1,"346":1,"347":1,"349":54,"350":54,"351":3,"352":3,"354":1,"355":44,"357":44,"359":44,"360":44,"361":44,"362":44,"363":44,"364":44,"366":44,"368":44,"369":37,"370":0,"371":0,"374":37,"377":37,"378":37,"381":37,"382":35,"383":21,"384":21,"385":21,"386":0,"387":0,"388":21,"389":35,"393":37,"394":37,"397":44,"398":44,"400":80,"401":55,"402":55,"405":80,"406":17,"407":17,"410":8,"411":80,"412":44,"415":44,"416":44,"417":44,"418":40,"419":2,"420":2,"422":38,"423":4,"424":34,"426":40,"427":43,"428":43,"429":1,"430":43,"431":42,"432":42,"435":43,"436":39,"437":39,"438":43,"440":38,"441":40,"442":44,"443":44,"444":44,"446":44,"447":44,"448":4,"449":4,"450":4,"451":4,"452":4,"453":1,"454":1,"457":4,"458":3,"459":3,"461":3,"462":3,"463":3,"464":3,"465":3,"466":1,"467":1,"468":3,"469":3,"470":3,"471":3,"474":3,"475":4,"476":44,"477":44,"478":44,"480":44,"481":44,"482":4,"483":1,"484":1,"487":3,"490":4,"491":3,"492":3,"494":3,"495":3,"496":3,"497":3,"498":3,"499":1,"500":1,"501":3,"502":3,"503":3,"504":3,"506":3,"507":4,"508":44,"509":44,"510":44,"512":44,"513":44,"514":3,"516":2,"517":2,"518":2,"519":2,"520":3,"521":44,"522":44,"523":44,"524":44,"526":44,"527":44,"530":1,"531":1},"branchMap":{"0":{"type":"branch","line":59,"loc":{"start":{"line":59,"column":21},"end":{"line":61,"column":1}},"locations":[{"start":{"line":59,"column":21},"end":{"line":61,"column":1}}]},"1":{"type":"branch","line":63,"loc":{"start":{"line":63,"column":21},"end":{"line":65,"column":1}},"locations":[{"start":{"line":63,"column":21},"end":{"line":65,"column":1}}]},"2":{"type":"branch","line":67,"loc":{"start":{"line":67,"column":22},"end":{"line":69,"column":1}},"locations":[{"start":{"line":67,"column":22},"end":{"line":69,"column":1}}]},"3":{"type":"branch","line":72,"loc":{"start":{"line":72,"column":25},"end":{"line":74,"column":1}},"locations":[{"start":{"line":72,"column":25},"end":{"line":74,"column":1}}]},"4":{"type":"branch","line":76,"loc":{"start":{"line":76,"column":17},"end":{"line":77,"column":37}},"locations":[{"start":{"line":76,"column":17},"end":{"line":77,"column":37}}]},"5":{"type":"branch","line":77,"loc":{"start":{"line":77,"column":15},"end":{"line":77,"column":37}},"locations":[{"start":{"line":77,"column":15},"end":{"line":77,"column":37}}]},"6":{"type":"branch","line":88,"loc":{"start":{"line":88,"column":20},"end":{"line":114,"column":1}},"locations":[{"start":{"line":88,"column":20},"end":{"line":114,"column":1}}]},"7":{"type":"branch","line":107,"loc":{"start":{"line":107,"column":46},"end":{"line":113,"column":3}},"locations":[{"start":{"line":107,"column":46},"end":{"line":113,"column":3}}]},"8":{"type":"branch","line":118,"loc":{"start":{"line":118,"column":31},"end":{"line":353,"column":1}},"locations":[{"start":{"line":118,"column":31},"end":{"line":353,"column":1}}]},"9":{"type":"branch","line":119,"loc":{"start":{"line":119,"column":21},"end":{"line":119,"column":27}},"locations":[{"start":{"line":119,"column":21},"end":{"line":119,"column":27}}]},"10":{"type":"branch","line":119,"loc":{"start":{"line":119,"column":21},"end":{"line":353,"column":1}},"locations":[{"start":{"line":119,"column":21},"end":{"line":353,"column":1}}]},"11":{"type":"branch","line":122,"loc":{"start":{"line":122,"column":52},"end":{"line":352,"column":3}},"locations":[{"start":{"line":122,"column":52},"end":{"line":352,"column":3}}]},"12":{"type":"branch","line":123,"loc":{"start":{"line":123,"column":11},"end":{"line":351,"column":5}},"locations":[{"start":{"line":123,"column":11},"end":{"line":351,"column":5}}]},"13":{"type":"branch","line":139,"loc":{"start":{"line":139,"column":20},"end":{"line":175,"column":7}},"locations":[{"start":{"line":139,"column":20},"end":{"line":175,"column":7}}]},"14":{"type":"branch","line":141,"loc":{"start":{"line":141,"column":21},"end":{"line":141,"column":73}},"locations":[{"start":{"line":141,"column":21},"end":{"line":141,"column":73}}]},"15":{"type":"branch","line":141,"loc":{"start":{"line":141,"column":51},"end":{"line":141,"column":101}},"locations":[{"start":{"line":141,"column":51},"end":{"line":141,"column":101}}]},"16":{"type":"branch","line":141,"loc":{"start":{"line":141,"column":101},"end":{"line":143,"column":9}},"locations":[{"start":{"line":141,"column":101},"end":{"line":143,"column":9}}]},"17":{"type":"branch","line":143,"loc":{"start":{"line":143,"column":8},"end":{"line":145,"column":34}},"locations":[{"start":{"line":143,"column":8},"end":{"line":145,"column":34}}]},"18":{"type":"branch","line":145,"loc":{"start":{"line":145,"column":23},"end":{"line":146,"column":47}},"locations":[{"start":{"line":145,"column":23},"end":{"line":146,"column":47}}]},"19":{"type":"branch","line":146,"loc":{"start":{"line":146,"column":46},"end":{"line":147,"column":47}},"locations":[{"start":{"line":146,"column":46},"end":{"line":147,"column":47}}]},"20":{"type":"branch","line":151,"loc":{"start":{"line":151,"column":27},"end":{"line":151,"column":53}},"locations":[{"start":{"line":151,"column":27},"end":{"line":151,"column":53}}]},"21":{"type":"branch","line":151,"loc":{"start":{"line":151,"column":53},"end":{"line":173,"column":9}},"locations":[{"start":{"line":151,"column":53},"end":{"line":173,"column":9}}]},"22":{"type":"branch","line":156,"loc":{"start":{"line":156,"column":39},"end":{"line":171,"column":13}},"locations":[{"start":{"line":156,"column":39},"end":{"line":171,"column":13}}]},"23":{"type":"branch","line":162,"loc":{"start":{"line":162,"column":42},"end":{"line":164,"column":15}},"locations":[{"start":{"line":162,"column":42},"end":{"line":164,"column":15}}]},"24":{"type":"branch","line":173,"loc":{"start":{"line":173,"column":8},"end":{"line":174,"column":21}},"locations":[{"start":{"line":173,"column":8},"end":{"line":174,"column":21}}]},"25":{"type":"branch","line":181,"loc":{"start":{"line":181,"column":20},"end":{"line":253,"column":7}},"locations":[{"start":{"line":181,"column":20},"end":{"line":253,"column":7}}]},"26":{"type":"branch","line":183,"loc":{"start":{"line":183,"column":101},"end":{"line":185,"column":9}},"locations":[{"start":{"line":183,"column":101},"end":{"line":185,"column":9}}]},"27":{"type":"branch","line":190,"loc":{"start":{"line":190,"column":25},"end":{"line":190,"column":73}},"locations":[{"start":{"line":190,"column":25},"end":{"line":190,"column":73}}]},"28":{"type":"branch","line":190,"loc":{"start":{"line":190,"column":69},"end":{"line":190,"column":82}},"locations":[{"start":{"line":190,"column":69},"end":{"line":190,"column":82}}]},"29":{"type":"branch","line":193,"loc":{"start":{"line":193,"column":25},"end":{"line":194,"column":24}},"locations":[{"start":{"line":193,"column":25},"end":{"line":194,"column":24}}]},"30":{"type":"branch","line":194,"loc":{"start":{"line":194,"column":11},"end":{"line":195,"column":24}},"locations":[{"start":{"line":194,"column":11},"end":{"line":195,"column":24}}]},"31":{"type":"branch","line":195,"loc":{"start":{"line":195,"column":11},"end":{"line":196,"column":22}},"locations":[{"start":{"line":195,"column":11},"end":{"line":196,"column":22}}]},"32":{"type":"branch","line":196,"loc":{"start":{"line":196,"column":11},"end":{"line":197,"column":29}},"locations":[{"start":{"line":196,"column":11},"end":{"line":197,"column":29}}]},"33":{"type":"branch","line":198,"loc":{"start":{"line":198,"column":10},"end":{"line":202,"column":9}},"locations":[{"start":{"line":198,"column":10},"end":{"line":202,"column":9}}]},"34":{"type":"branch","line":200,"loc":{"start":{"line":200,"column":55},"end":{"line":201,"column":56}},"locations":[{"start":{"line":200,"column":55},"end":{"line":201,"column":56}}]},"35":{"type":"branch","line":202,"loc":{"start":{"line":202,"column":8},"end":{"line":207,"column":36}},"locations":[{"start":{"line":202,"column":8},"end":{"line":207,"column":36}}]},"36":{"type":"branch","line":207,"loc":{"start":{"line":207,"column":36},"end":{"line":209,"column":9}},"locations":[{"start":{"line":207,"column":36},"end":{"line":209,"column":9}}]},"37":{"type":"branch","line":209,"loc":{"start":{"line":209,"column":8},"end":{"line":230,"column":9}},"locations":[{"start":{"line":209,"column":8},"end":{"line":230,"column":9}}]},"38":{"type":"branch","line":209,"loc":{"start":{"line":209,"column":8},"end":{"line":212,"column":47}},"locations":[{"start":{"line":209,"column":8},"end":{"line":212,"column":47}}]},"39":{"type":"branch","line":212,"loc":{"start":{"line":212,"column":47},"end":{"line":230,"column":9}},"locations":[{"start":{"line":212,"column":47},"end":{"line":230,"column":9}}]},"40":{"type":"branch","line":213,"loc":{"start":{"line":213,"column":35},"end":{"line":229,"column":11}},"locations":[{"start":{"line":213,"column":35},"end":{"line":229,"column":11}}]},"41":{"type":"branch","line":222,"loc":{"start":{"line":222,"column":44},"end":{"line":225,"column":15}},"locations":[{"start":{"line":222,"column":44},"end":{"line":225,"column":15}}]},"42":{"type":"branch","line":226,"loc":{"start":{"line":226,"column":12},"end":{"line":228,"column":13}},"locations":[{"start":{"line":226,"column":12},"end":{"line":228,"column":13}}]},"43":{"type":"branch","line":227,"loc":{"start":{"line":227,"column":61},"end":{"line":227,"column":78}},"locations":[{"start":{"line":227,"column":61},"end":{"line":227,"column":78}}]},"44":{"type":"branch","line":230,"loc":{"start":{"line":230,"column":8},"end":{"line":233,"column":54}},"locations":[{"start":{"line":230,"column":8},"end":{"line":233,"column":54}}]},"45":{"type":"branch","line":233,"loc":{"start":{"line":233,"column":53},"end":{"line":234,"column":54}},"locations":[{"start":{"line":233,"column":53},"end":{"line":234,"column":54}}]},"46":{"type":"branch","line":237,"loc":{"start":{"line":237,"column":20},"end":{"line":252,"column":21}},"locations":[{"start":{"line":237,"column":20},"end":{"line":252,"column":21}}]},"47":{"type":"branch","line":238,"loc":{"start":{"line":238,"column":49},"end":{"line":250,"column":11}},"locations":[{"start":{"line":238,"column":49},"end":{"line":250,"column":11}}]},"48":{"type":"branch","line":239,"loc":{"start":{"line":239,"column":36},"end":{"line":249,"column":13}},"locations":[{"start":{"line":239,"column":36},"end":{"line":249,"column":13}}]},"49":{"type":"branch","line":246,"loc":{"start":{"line":246,"column":14},"end":{"line":248,"column":15}},"locations":[{"start":{"line":246,"column":14},"end":{"line":248,"column":15}}]},"50":{"type":"branch","line":247,"loc":{"start":{"line":247,"column":64},"end":{"line":247,"column":81}},"locations":[{"start":{"line":247,"column":64},"end":{"line":247,"column":81}}]},"51":{"type":"branch","line":259,"loc":{"start":{"line":259,"column":31},"end":{"line":348,"column":7}},"locations":[{"start":{"line":259,"column":31},"end":{"line":348,"column":7}}]},"52":{"type":"branch","line":261,"loc":{"start":{"line":261,"column":101},"end":{"line":263,"column":9}},"locations":[{"start":{"line":261,"column":101},"end":{"line":263,"column":9}}]},"53":{"type":"branch","line":265,"loc":{"start":{"line":265,"column":30},"end":{"line":269,"column":9}},"locations":[{"start":{"line":265,"column":30},"end":{"line":269,"column":9}}]},"54":{"type":"branch","line":275,"loc":{"start":{"line":275,"column":35},"end":{"line":280,"column":9}},"locations":[{"start":{"line":275,"column":35},"end":{"line":280,"column":9}}]},"55":{"type":"branch","line":291,"loc":{"start":{"line":291,"column":69},"end":{"line":291,"column":82}},"locations":[{"start":{"line":291,"column":69},"end":{"line":291,"column":82}}]},"56":{"type":"branch","line":300,"loc":{"start":{"line":300,"column":10},"end":{"line":304,"column":9}},"locations":[{"start":{"line":300,"column":10},"end":{"line":304,"column":9}}]},"57":{"type":"branch","line":316,"loc":{"start":{"line":316,"column":44},"end":{"line":319,"column":15}},"locations":[{"start":{"line":316,"column":44},"end":{"line":319,"column":15}}]},"58":{"type":"branch","line":320,"loc":{"start":{"line":320,"column":12},"end":{"line":322,"column":13}},"locations":[{"start":{"line":320,"column":12},"end":{"line":322,"column":13}}]},"59":{"type":"branch","line":328,"loc":{"start":{"line":328,"column":47},"end":{"line":329,"column":48}},"locations":[{"start":{"line":328,"column":47},"end":{"line":329,"column":48}}]},"60":{"type":"branch","line":341,"loc":{"start":{"line":341,"column":14},"end":{"line":343,"column":15}},"locations":[{"start":{"line":341,"column":14},"end":{"line":343,"column":15}}]},"61":{"type":"branch","line":355,"loc":{"start":{"line":355,"column":7},"end":{"line":528,"column":1}},"locations":[{"start":{"line":355,"column":7},"end":{"line":528,"column":1}}]},"62":{"type":"branch","line":369,"loc":{"start":{"line":369,"column":22},"end":{"line":395,"column":3}},"locations":[{"start":{"line":369,"column":22},"end":{"line":395,"column":3}}]},"63":{"type":"branch","line":370,"loc":{"start":{"line":370,"column":29},"end":{"line":372,"column":5}},"locations":[{"start":{"line":370,"column":29},"end":{"line":372,"column":5}}]},"64":{"type":"branch","line":382,"loc":{"start":{"line":382,"column":42},"end":{"line":390,"column":5}},"locations":[{"start":{"line":382,"column":42},"end":{"line":390,"column":5}}]},"65":{"type":"branch","line":383,"loc":{"start":{"line":383,"column":25},"end":{"line":389,"column":7}},"locations":[{"start":{"line":383,"column":25},"end":{"line":389,"column":7}}]},"66":{"type":"branch","line":386,"loc":{"start":{"line":386,"column":8},"end":{"line":388,"column":9}},"locations":[{"start":{"line":386,"column":8},"end":{"line":388,"column":9}}]},"67":{"type":"branch","line":399,"loc":{"start":{"line":399,"column":4},"end":{"line":412,"column":5}},"locations":[{"start":{"line":399,"column":4},"end":{"line":412,"column":5}}]},"68":{"type":"branch","line":401,"loc":{"start":{"line":401,"column":19},"end":{"line":401,"column":52}},"locations":[{"start":{"line":401,"column":19},"end":{"line":401,"column":52}}]},"69":{"type":"branch","line":401,"loc":{"start":{"line":401,"column":37},"end":{"line":401,"column":75}},"locations":[{"start":{"line":401,"column":37},"end":{"line":401,"column":75}}]},"70":{"type":"branch","line":401,"loc":{"start":{"line":401,"column":61},"end":{"line":401,"column":95}},"locations":[{"start":{"line":401,"column":61},"end":{"line":401,"column":95}}]},"71":{"type":"branch","line":401,"loc":{"start":{"line":401,"column":95},"end":{"line":403,"column":7}},"locations":[{"start":{"line":401,"column":95},"end":{"line":403,"column":7}}]},"72":{"type":"branch","line":403,"loc":{"start":{"line":403,"column":6},"end":{"line":406,"column":69}},"locations":[{"start":{"line":403,"column":6},"end":{"line":406,"column":69}}]},"73":{"type":"branch","line":403,"loc":{"start":{"line":403,"column":6},"end":{"line":406,"column":38}},"locations":[{"start":{"line":403,"column":6},"end":{"line":406,"column":38}}]},"74":{"type":"branch","line":406,"loc":{"start":{"line":406,"column":26},"end":{"line":406,"column":69}},"locations":[{"start":{"line":406,"column":26},"end":{"line":406,"column":69}}]},"75":{"type":"branch","line":406,"loc":{"start":{"line":406,"column":69},"end":{"line":408,"column":7}},"locations":[{"start":{"line":406,"column":69},"end":{"line":408,"column":7}}]},"76":{"type":"branch","line":408,"loc":{"start":{"line":408,"column":6},"end":{"line":411,"column":38}},"locations":[{"start":{"line":408,"column":6},"end":{"line":411,"column":38}}]},"77":{"type":"branch","line":418,"loc":{"start":{"line":418,"column":13},"end":{"line":442,"column":8}},"locations":[{"start":{"line":418,"column":13},"end":{"line":442,"column":8}}]},"78":{"type":"branch","line":419,"loc":{"start":{"line":419,"column":33},"end":{"line":421,"column":9}},"locations":[{"start":{"line":419,"column":33},"end":{"line":421,"column":9}}]},"79":{"type":"branch","line":421,"loc":{"start":{"line":421,"column":8},"end":{"line":423,"column":60}},"locations":[{"start":{"line":421,"column":8},"end":{"line":423,"column":60}}]},"80":{"type":"branch","line":423,"loc":{"start":{"line":423,"column":58},"end":{"line":424,"column":28}},"locations":[{"start":{"line":423,"column":58},"end":{"line":424,"column":28}}]},"81":{"type":"branch","line":424,"loc":{"start":{"line":424,"column":12},"end":{"line":425,"column":29}},"locations":[{"start":{"line":424,"column":12},"end":{"line":425,"column":29}}]},"82":{"type":"branch","line":427,"loc":{"start":{"line":427,"column":43},"end":{"line":439,"column":9}},"locations":[{"start":{"line":427,"column":43},"end":{"line":439,"column":9}}]},"83":{"type":"branch","line":429,"loc":{"start":{"line":429,"column":34},"end":{"line":431,"column":17}},"locations":[{"start":{"line":429,"column":34},"end":{"line":431,"column":17}}]},"84":{"type":"branch","line":431,"loc":{"start":{"line":431,"column":10},"end":{"line":433,"column":11}},"locations":[{"start":{"line":431,"column":10},"end":{"line":433,"column":11}}]},"85":{"type":"branch","line":436,"loc":{"start":{"line":436,"column":21},"end":{"line":436,"column":43}},"locations":[{"start":{"line":436,"column":21},"end":{"line":436,"column":43}}]},"86":{"type":"branch","line":436,"loc":{"start":{"line":436,"column":43},"end":{"line":438,"column":11}},"locations":[{"start":{"line":436,"column":43},"end":{"line":438,"column":11}}]},"87":{"type":"branch","line":439,"loc":{"start":{"line":439,"column":8},"end":{"line":441,"column":54}},"locations":[{"start":{"line":439,"column":8},"end":{"line":441,"column":54}}]},"88":{"type":"branch","line":428,"loc":{"start":{"line":428,"column":59},"end":{"line":428,"column":82}},"locations":[{"start":{"line":428,"column":59},"end":{"line":428,"column":82}}]},"89":{"type":"branch","line":448,"loc":{"start":{"line":448,"column":13},"end":{"line":476,"column":8}},"locations":[{"start":{"line":448,"column":13},"end":{"line":476,"column":8}}]},"90":{"type":"branch","line":453,"loc":{"start":{"line":453,"column":33},"end":{"line":455,"column":9}},"locations":[{"start":{"line":453,"column":33},"end":{"line":455,"column":9}}]},"91":{"type":"branch","line":455,"loc":{"start":{"line":455,"column":8},"end":{"line":458,"column":65}},"locations":[{"start":{"line":455,"column":8},"end":{"line":458,"column":65}}]},"92":{"type":"branch","line":458,"loc":{"start":{"line":458,"column":65},"end":{"line":475,"column":69}},"locations":[{"start":{"line":458,"column":65},"end":{"line":475,"column":69}}]},"93":{"type":"branch","line":462,"loc":{"start":{"line":462,"column":37},"end":{"line":470,"column":13}},"locations":[{"start":{"line":462,"column":37},"end":{"line":470,"column":13}}]},"94":{"type":"branch","line":466,"loc":{"start":{"line":466,"column":16},"end":{"line":468,"column":17}},"locations":[{"start":{"line":466,"column":16},"end":{"line":468,"column":17}}]},"95":{"type":"branch","line":482,"loc":{"start":{"line":482,"column":13},"end":{"line":508,"column":8}},"locations":[{"start":{"line":482,"column":13},"end":{"line":508,"column":8}}]},"96":{"type":"branch","line":483,"loc":{"start":{"line":483,"column":33},"end":{"line":485,"column":9}},"locations":[{"start":{"line":483,"column":33},"end":{"line":485,"column":9}}]},"97":{"type":"branch","line":485,"loc":{"start":{"line":485,"column":8},"end":{"line":491,"column":65}},"locations":[{"start":{"line":485,"column":8},"end":{"line":491,"column":65}}]},"98":{"type":"branch","line":491,"loc":{"start":{"line":491,"column":65},"end":{"line":507,"column":19}},"locations":[{"start":{"line":491,"column":65},"end":{"line":507,"column":19}}]},"99":{"type":"branch","line":499,"loc":{"start":{"line":499,"column":16},"end":{"line":501,"column":17}},"locations":[{"start":{"line":499,"column":16},"end":{"line":501,"column":17}}]},"100":{"type":"branch","line":514,"loc":{"start":{"line":514,"column":13},"end":{"line":521,"column":8}},"locations":[{"start":{"line":514,"column":13},"end":{"line":521,"column":8}}]},"101":{"type":"branch","line":515,"loc":{"start":{"line":515,"column":33},"end":{"line":515,"column":40}},"locations":[{"start":{"line":515,"column":33},"end":{"line":515,"column":40}}]},"102":{"type":"branch","line":515,"loc":{"start":{"line":515,"column":33},"end":{"line":520,"column":44}},"locations":[{"start":{"line":515,"column":33},"end":{"line":520,"column":44}}]}},"b":{"0":[36],"1":[56],"2":[6],"3":[44],"4":[96],"5":[41],"6":[67],"7":[30],"8":[44],"9":[41],"10":[3],"11":[3],"12":[54],"13":[376],"14":[235],"15":[108],"16":[286],"17":[90],"18":[0],"19":[90],"20":[35],"21":[35],"22":[15],"23":[9],"24":[90],"25":[103],"26":[0],"27":[40],"28":[63],"29":[40],"30":[40],"31":[40],"32":[40],"33":[63],"34":[0],"35":[40],"36":[9],"37":[88],"38":[40],"39":[43],"40":[42],"41":[12],"42":[2],"43":[0],"44":[28],"45":[0],"46":[28],"47":[31],"48":[16],"49":[1],"50":[0],"51":[1],"52":[0],"53":[0],"54":[0],"55":[0],"56":[0],"57":[0],"58":[0],"59":[0],"60":[0],"61":[44],"62":[37],"63":[0],"64":[35],"65":[21],"66":[0],"67":[80],"68":[39],"69":[34],"70":[29],"71":[55],"72":[66],"73":[25],"74":[23],"75":[17],"76":[8],"77":[40],"78":[2],"79":[38],"80":[4],"81":[34],"82":[43],"83":[1],"84":[42],"85":[39],"86":[39],"87":[38],"88":[8],"89":[4],"90":[1],"91":[3],"92":[3],"93":[3],"94":[1],"95":[4],"96":[1],"97":[3],"98":[3],"99":[1],"100":[3],"101":[1],"102":[2]},"fnMap":{"0":{"name":"hasRootProxy","decl":{"start":{"line":59,"column":21},"end":{"line":61,"column":1}},"loc":{"start":{"line":59,"column":21},"end":{"line":61,"column":1}},"line":59},"1":{"name":"hasProxyPath","decl":{"start":{"line":63,"column":21},"end":{"line":65,"column":1}},"loc":{"start":{"line":63,"column":21},"end":{"line":65,"column":1}},"line":63},"2":{"name":"hasInstanceId","decl":{"start":{"line":67,"column":22},"end":{"line":69,"column":1}},"loc":{"start":{"line":67,"column":22},"end":{"line":69,"column":1}},"line":67},"3":{"name":"createInstanceId","decl":{"start":{"line":72,"column":25},"end":{"line":74,"column":1}},"loc":{"start":{"line":72,"column":25},"end":{"line":74,"column":1}},"line":72},"4":{"name":"isObject","decl":{"start":{"line":76,"column":17},"end":{"line":77,"column":37}},"loc":{"start":{"line":76,"column":17},"end":{"line":77,"column":37}},"line":76},"5":{"name":"addMetaData","decl":{"start":{"line":88,"column":20},"end":{"line":114,"column":1}},"loc":{"start":{"line":88,"column":20},"end":{"line":114,"column":1}},"line":88},"6":{"name":"initializePluginSystem","decl":{"start":{"line":118,"column":31},"end":{"line":353,"column":1}},"loc":{"start":{"line":118,"column":31},"end":{"line":353,"column":1}},"line":118},"7":{"name":"handler.get","decl":{"start":{"line":139,"column":20},"end":{"line":175,"column":7}},"loc":{"start":{"line":139,"column":20},"end":{"line":175,"column":7}},"line":139},"8":{"name":"handler.set","decl":{"start":{"line":181,"column":20},"end":{"line":253,"column":7}},"loc":{"start":{"line":181,"column":20},"end":{"line":253,"column":7}},"line":181},"9":{"name":"handler.deleteProperty","decl":{"start":{"line":259,"column":31},"end":{"line":348,"column":7}},"loc":{"start":{"line":259,"column":31},"end":{"line":348,"column":7}},"line":259},"10":{"name":"proxyInstance","decl":{"start":{"line":355,"column":7},"end":{"line":528,"column":1}},"loc":{"start":{"line":355,"column":7},"end":{"line":528,"column":1}},"line":355},"11":{"name":"createProxy","decl":{"start":{"line":369,"column":22},"end":{"line":395,"column":3}},"loc":{"start":{"line":369,"column":22},"end":{"line":395,"column":3}},"line":369},"12":{"name":"get","decl":{"start":{"line":399,"column":4},"end":{"line":412,"column":5}},"loc":{"start":{"line":399,"column":4},"end":{"line":412,"column":5}},"line":399},"13":{"name":"value","decl":{"start":{"line":418,"column":13},"end":{"line":442,"column":8}},"loc":{"start":{"line":418,"column":13},"end":{"line":442,"column":8}},"line":418},"14":{"name":"value","decl":{"start":{"line":448,"column":13},"end":{"line":476,"column":8}},"loc":{"start":{"line":448,"column":13},"end":{"line":476,"column":8}},"line":448},"15":{"name":"value","decl":{"start":{"line":482,"column":13},"end":{"line":508,"column":8}},"loc":{"start":{"line":482,"column":13},"end":{"line":508,"column":8}},"line":482},"16":{"name":"value","decl":{"start":{"line":514,"column":13},"end":{"line":521,"column":8}},"loc":{"start":{"line":514,"column":13},"end":{"line":521,"column":8}},"line":514}},"f":{"0":36,"1":56,"2":6,"3":44,"4":96,"5":67,"6":44,"7":376,"8":103,"9":1,"10":44,"11":37,"12":80,"13":40,"14":4,"15":4,"16":3}}
,"/Users/mike/Projects/valtio-plugin/src/standard-schema-plugin.ts": {"path":"/Users/mike/Projects/valtio-plugin/src/standard-schema-plugin.ts","all":false,"statementMap":{"6":{"start":{"line":7,"column":0},"end":{"line":7,"column":50}},"7":{"start":{"line":8,"column":0},"end":{"line":8,"column":34}},"9":{"start":{"line":10,"column":0},"end":{"line":10,"column":49}},"10":{"start":{"line":11,"column":0},"end":{"line":11,"column":65}},"11":{"start":{"line":12,"column":0},"end":{"line":12,"column":18}},"12":{"start":{"line":13,"column":0},"end":{"line":13,"column":39}},"13":{"start":{"line":14,"column":0},"end":{"line":14,"column":24}},"14":{"start":{"line":15,"column":0},"end":{"line":15,"column":3}},"15":{"start":{"line":16,"column":0},"end":{"line":16,"column":1}},"47":{"start":{"line":48,"column":0},"end":{"line":48,"column":61}},"54":{"start":{"line":55,"column":0},"end":{"line":55,"column":40}},"56":{"start":{"line":57,"column":0},"end":{"line":57,"column":15}},"60":{"start":{"line":61,"column":0},"end":{"line":61,"column":64}},"61":{"start":{"line":62,"column":0},"end":{"line":62,"column":51}},"62":{"start":{"line":63,"column":0},"end":{"line":63,"column":6}},"67":{"start":{"line":68,"column":0},"end":{"line":68,"column":41}},"68":{"start":{"line":69,"column":0},"end":{"line":69,"column":33}},"69":{"start":{"line":70,"column":0},"end":{"line":70,"column":42}},"70":{"start":{"line":71,"column":0},"end":{"line":71,"column":7}},"71":{"start":{"line":72,"column":0},"end":{"line":72,"column":6}},"76":{"start":{"line":77,"column":0},"end":{"line":77,"column":53}},"82":{"start":{"line":83,"column":0},"end":{"line":83,"column":49}},"83":{"start":{"line":84,"column":0},"end":{"line":84,"column":16}},"84":{"start":{"line":85,"column":0},"end":{"line":85,"column":20}},"85":{"start":{"line":86,"column":0},"end":{"line":86,"column":52}},"86":{"start":{"line":87,"column":0},"end":{"line":87,"column":54}},"87":{"start":{"line":88,"column":0},"end":{"line":88,"column":38}},"88":{"start":{"line":89,"column":0},"end":{"line":89,"column":29}},"89":{"start":{"line":90,"column":0},"end":{"line":90,"column":7}},"91":{"start":{"line":92,"column":0},"end":{"line":92,"column":26}},"92":{"start":{"line":93,"column":0},"end":{"line":93,"column":54}},"93":{"start":{"line":94,"column":0},"end":{"line":94,"column":7}},"95":{"start":{"line":96,"column":0},"end":{"line":96,"column":25}},"96":{"start":{"line":97,"column":0},"end":{"line":97,"column":5}},"97":{"start":{"line":98,"column":0},"end":{"line":98,"column":3}},"100":{"start":{"line":101,"column":0},"end":{"line":101,"column":46}},"101":{"start":{"line":102,"column":0},"end":{"line":102,"column":16}},"102":{"start":{"line":103,"column":0},"end":{"line":103,"column":21}},"103":{"start":{"line":104,"column":0},"end":{"line":104,"column":3}},"108":{"start":{"line":109,"column":0},"end":{"line":109,"column":66}},"110":{"start":{"line":111,"column":0},"end":{"line":111,"column":41}},"112":{"start":{"line":113,"column":0},"end":{"line":113,"column":12}},"113":{"start":{"line":114,"column":0},"end":{"line":114,"column":35}},"114":{"start":{"line":115,"column":0},"end":{"line":115,"column":48}},"115":{"start":{"line":116,"column":0},"end":{"line":116,"column":35}},"116":{"start":{"line":117,"column":0},"end":{"line":117,"column":10}},"118":{"start":{"line":119,"column":0},"end":{"line":119,"column":56}},"120":{"start":{"line":121,"column":0},"end":{"line":121,"column":38}},"123":{"start":{"line":124,"column":0},"end":{"line":124,"column":79}},"126":{"start":{"line":127,"column":0},"end":{"line":127,"column":45}},"127":{"start":{"line":128,"column":0},"end":{"line":128,"column":79}},"128":{"start":{"line":129,"column":0},"end":{"line":129,"column":16}},"130":{"start":{"line":131,"column":0},"end":{"line":131,"column":85}},"133":{"start":{"line":134,"column":0},"end":{"line":134,"column":16}},"134":{"start":{"line":135,"column":0},"end":{"line":135,"column":48}},"135":{"start":{"line":136,"column":0},"end":{"line":136,"column":93}},"136":{"start":{"line":137,"column":0},"end":{"line":137,"column":71}},"137":{"start":{"line":138,"column":0},"end":{"line":138,"column":15}},"138":{"start":{"line":139,"column":0},"end":{"line":139,"column":54}},"139":{"start":{"line":140,"column":0},"end":{"line":140,"column":13}},"140":{"start":{"line":141,"column":0},"end":{"line":141,"column":11}},"141":{"start":{"line":142,"column":0},"end":{"line":142,"column":9}},"144":{"start":{"line":145,"column":0},"end":{"line":145,"column":25}},"145":{"start":{"line":146,"column":0},"end":{"line":146,"column":21}},"146":{"start":{"line":147,"column":0},"end":{"line":147,"column":9}},"149":{"start":{"line":150,"column":0},"end":{"line":150,"column":68}},"152":{"start":{"line":153,"column":0},"end":{"line":153,"column":40}},"153":{"start":{"line":154,"column":0},"end":{"line":154,"column":42}},"154":{"start":{"line":155,"column":0},"end":{"line":155,"column":26}},"155":{"start":{"line":156,"column":0},"end":{"line":156,"column":101}},"157":{"start":{"line":158,"column":0},"end":{"line":158,"column":13}},"158":{"start":{"line":159,"column":0},"end":{"line":159,"column":24}},"159":{"start":{"line":160,"column":0},"end":{"line":160,"column":11}},"163":{"start":{"line":164,"column":0},"end":{"line":164,"column":38}},"164":{"start":{"line":165,"column":0},"end":{"line":165,"column":37}},"165":{"start":{"line":166,"column":0},"end":{"line":166,"column":42}},"166":{"start":{"line":167,"column":0},"end":{"line":167,"column":70}},"167":{"start":{"line":168,"column":0},"end":{"line":168,"column":22}},"168":{"start":{"line":169,"column":0},"end":{"line":169,"column":30}},"169":{"start":{"line":170,"column":0},"end":{"line":170,"column":85}},"170":{"start":{"line":171,"column":0},"end":{"line":171,"column":36}},"171":{"start":{"line":172,"column":0},"end":{"line":172,"column":17}},"172":{"start":{"line":173,"column":0},"end":{"line":173,"column":15}},"173":{"start":{"line":174,"column":0},"end":{"line":174,"column":13}},"174":{"start":{"line":175,"column":0},"end":{"line":175,"column":29}},"175":{"start":{"line":176,"column":0},"end":{"line":176,"column":26}},"176":{"start":{"line":177,"column":0},"end":{"line":177,"column":87}},"177":{"start":{"line":178,"column":0},"end":{"line":178,"column":19}},"178":{"start":{"line":179,"column":0},"end":{"line":179,"column":13}},"179":{"start":{"line":180,"column":0},"end":{"line":180,"column":12}},"182":{"start":{"line":183,"column":0},"end":{"line":183,"column":21}},"183":{"start":{"line":184,"column":0},"end":{"line":184,"column":9}},"186":{"start":{"line":187,"column":0},"end":{"line":187,"column":28}},"187":{"start":{"line":188,"column":0},"end":{"line":188,"column":38}},"188":{"start":{"line":189,"column":0},"end":{"line":189,"column":61}},"189":{"start":{"line":190,"column":0},"end":{"line":190,"column":66}},"190":{"start":{"line":191,"column":0},"end":{"line":191,"column":18}},"191":{"start":{"line":192,"column":0},"end":{"line":192,"column":26}},"192":{"start":{"line":193,"column":0},"end":{"line":193,"column":75}},"193":{"start":{"line":194,"column":0},"end":{"line":194,"column":27}},"194":{"start":{"line":195,"column":0},"end":{"line":195,"column":13}},"195":{"start":{"line":196,"column":0},"end":{"line":196,"column":46}},"196":{"start":{"line":197,"column":0},"end":{"line":197,"column":11}},"197":{"start":{"line":198,"column":0},"end":{"line":198,"column":9}},"200":{"start":{"line":201,"column":0},"end":{"line":201,"column":19}},"201":{"start":{"line":202,"column":0},"end":{"line":202,"column":7}},"202":{"start":{"line":203,"column":0},"end":{"line":203,"column":5}},"203":{"start":{"line":204,"column":0},"end":{"line":204,"column":3}},"205":{"start":{"line":206,"column":0},"end":{"line":206,"column":10}},"206":{"start":{"line":207,"column":0},"end":{"line":207,"column":11}},"207":{"start":{"line":208,"column":0},"end":{"line":208,"column":38}},"208":{"start":{"line":209,"column":0},"end":{"line":209,"column":3}},"209":{"start":{"line":210,"column":0},"end":{"line":210,"column":1}}},"s":{"6":1,"7":1,"9":1,"10":1,"11":1,"12":1,"13":1,"14":1,"15":1,"47":1,"54":1,"56":10,"60":10,"61":1,"62":1,"67":10,"68":1,"69":1,"70":1,"71":1,"76":10,"82":10,"83":2,"84":2,"85":2,"86":2,"87":2,"88":0,"89":0,"91":2,"92":1,"93":1,"95":1,"96":2,"97":10,"100":10,"101":10,"102":10,"103":10,"108":10,"110":9,"112":9,"113":9,"114":9,"115":9,"116":9,"118":9,"120":21,"123":21,"126":21,"127":19,"128":21,"130":2,"133":2,"134":2,"135":0,"136":0,"137":2,"138":0,"139":0,"140":2,"141":2,"144":21,"145":2,"146":2,"149":19,"152":21,"153":3,"154":1,"155":1,"157":1,"158":1,"159":1,"163":2,"164":2,"165":1,"166":1,"167":1,"168":0,"169":0,"170":0,"171":0,"172":0,"173":1,"174":2,"175":0,"176":0,"177":0,"178":0,"179":2,"182":2,"183":2,"186":21,"187":9,"188":1,"189":1,"190":9,"191":8,"192":8,"193":8,"194":8,"195":8,"196":8,"197":9,"200":7,"201":21,"202":9,"203":9,"205":10,"206":10,"207":10,"208":10,"209":10},"branchMap":{"0":{"type":"branch","line":7,"loc":{"start":{"line":7,"column":49},"end":{"line":16,"column":1}},"locations":[{"start":{"line":7,"column":49},"end":{"line":16,"column":1}}]},"1":{"type":"branch","line":10,"loc":{"start":{"line":10,"column":2},"end":{"line":15,"column":3}},"locations":[{"start":{"line":10,"column":2},"end":{"line":15,"column":3}}]},"2":{"type":"branch","line":11,"loc":{"start":{"line":11,"column":31},"end":{"line":11,"column":53}},"locations":[{"start":{"line":11,"column":31},"end":{"line":11,"column":53}}]},"3":{"type":"branch","line":55,"loc":{"start":{"line":55,"column":7},"end":{"line":210,"column":1}},"locations":[{"start":{"line":55,"column":7},"end":{"line":210,"column":1}}]},"4":{"type":"branch","line":61,"loc":{"start":{"line":61,"column":16},"end":{"line":63,"column":6}},"locations":[{"start":{"line":61,"column":16},"end":{"line":63,"column":6}}]},"5":{"type":"branch","line":68,"loc":{"start":{"line":68,"column":19},"end":{"line":72,"column":6}},"locations":[{"start":{"line":68,"column":19},"end":{"line":72,"column":6}}]},"6":{"type":"branch","line":83,"loc":{"start":{"line":83,"column":14},"end":{"line":97,"column":5}},"locations":[{"start":{"line":83,"column":14},"end":{"line":97,"column":5}}]},"7":{"type":"branch","line":88,"loc":{"start":{"line":88,"column":37},"end":{"line":90,"column":7}},"locations":[{"start":{"line":88,"column":37},"end":{"line":90,"column":7}}]},"8":{"type":"branch","line":92,"loc":{"start":{"line":92,"column":25},"end":{"line":96,"column":25}},"locations":[{"start":{"line":92,"column":25},"end":{"line":96,"column":25}}]},"9":{"type":"branch","line":109,"loc":{"start":{"line":109,"column":17},"end":{"line":204,"column":3}},"locations":[{"start":{"line":109,"column":17},"end":{"line":204,"column":3}}]},"10":{"type":"branch","line":119,"loc":{"start":{"line":119,"column":20},"end":{"line":202,"column":7}},"locations":[{"start":{"line":119,"column":20},"end":{"line":202,"column":7}}]},"11":{"type":"branch","line":127,"loc":{"start":{"line":127,"column":44},"end":{"line":129,"column":15}},"locations":[{"start":{"line":127,"column":44},"end":{"line":129,"column":15}}]},"12":{"type":"branch","line":129,"loc":{"start":{"line":129,"column":8},"end":{"line":142,"column":9}},"locations":[{"start":{"line":129,"column":8},"end":{"line":142,"column":9}}]},"13":{"type":"branch","line":135,"loc":{"start":{"line":135,"column":43},"end":{"line":136,"column":93}},"locations":[{"start":{"line":135,"column":43},"end":{"line":136,"column":93}}]},"14":{"type":"branch","line":136,"loc":{"start":{"line":136,"column":86},"end":{"line":137,"column":71}},"locations":[{"start":{"line":136,"column":86},"end":{"line":137,"column":71}}]},"15":{"type":"branch","line":138,"loc":{"start":{"line":138,"column":14},"end":{"line":140,"column":13}},"locations":[{"start":{"line":138,"column":14},"end":{"line":140,"column":13}}]},"16":{"type":"branch","line":145,"loc":{"start":{"line":145,"column":24},"end":{"line":147,"column":9}},"locations":[{"start":{"line":145,"column":24},"end":{"line":147,"column":9}}]},"17":{"type":"branch","line":147,"loc":{"start":{"line":147,"column":8},"end":{"line":153,"column":39}},"locations":[{"start":{"line":147,"column":8},"end":{"line":153,"column":39}}]},"18":{"type":"branch","line":153,"loc":{"start":{"line":153,"column":39},"end":{"line":184,"column":9}},"locations":[{"start":{"line":153,"column":39},"end":{"line":184,"column":9}}]},"19":{"type":"branch","line":154,"loc":{"start":{"line":154,"column":41},"end":{"line":160,"column":11}},"locations":[{"start":{"line":154,"column":41},"end":{"line":160,"column":11}}]},"20":{"type":"branch","line":160,"loc":{"start":{"line":160,"column":10},"end":{"line":184,"column":9}},"locations":[{"start":{"line":160,"column":10},"end":{"line":184,"column":9}}]},"21":{"type":"branch","line":184,"loc":{"start":{"line":184,"column":8},"end":{"line":187,"column":27}},"locations":[{"start":{"line":184,"column":8},"end":{"line":187,"column":27}}]},"22":{"type":"branch","line":187,"loc":{"start":{"line":187,"column":27},"end":{"line":198,"column":9}},"locations":[{"start":{"line":187,"column":27},"end":{"line":198,"column":9}}]},"23":{"type":"branch","line":188,"loc":{"start":{"line":188,"column":37},"end":{"line":191,"column":17}},"locations":[{"start":{"line":188,"column":37},"end":{"line":191,"column":17}}]},"24":{"type":"branch","line":191,"loc":{"start":{"line":191,"column":10},"end":{"line":197,"column":11}},"locations":[{"start":{"line":191,"column":10},"end":{"line":197,"column":11}}]},"25":{"type":"branch","line":198,"loc":{"start":{"line":198,"column":8},"end":{"line":201,"column":19}},"locations":[{"start":{"line":198,"column":8},"end":{"line":201,"column":19}}]},"26":{"type":"branch","line":164,"loc":{"start":{"line":164,"column":22},"end":{"line":175,"column":11}},"locations":[{"start":{"line":164,"column":22},"end":{"line":175,"column":11}}]},"27":{"type":"branch","line":165,"loc":{"start":{"line":165,"column":36},"end":{"line":174,"column":13}},"locations":[{"start":{"line":165,"column":36},"end":{"line":174,"column":13}}]},"28":{"type":"branch","line":168,"loc":{"start":{"line":168,"column":14},"end":{"line":173,"column":15}},"locations":[{"start":{"line":168,"column":14},"end":{"line":173,"column":15}}]}},"b":{"0":[1],"1":[1],"2":[1],"3":[10],"4":[1],"5":[1],"6":[2],"7":[0],"8":[1],"9":[9],"10":[21],"11":[19],"12":[2],"13":[0],"14":[0],"15":[0],"16":[2],"17":[19],"18":[3],"19":[1],"20":[2],"21":[16],"22":[9],"23":[1],"24":[8],"25":[7],"26":[2],"27":[1],"28":[0]},"fnMap":{"0":{"name":"<instance_members_initializer>","decl":{"start":{"line":7,"column":49},"end":{"line":16,"column":1}},"loc":{"start":{"line":7,"column":49},"end":{"line":16,"column":1}},"line":7},"1":{"name":"SchemaValidationError","decl":{"start":{"line":10,"column":2},"end":{"line":15,"column":3}},"loc":{"start":{"line":10,"column":2},"end":{"line":15,"column":3}},"line":10},"2":{"name":"standardSchemaPlugin","decl":{"start":{"line":55,"column":7},"end":{"line":210,"column":1}},"loc":{"start":{"line":55,"column":7},"end":{"line":210,"column":1}},"line":55},"3":{"name":"addSchemas","decl":{"start":{"line":61,"column":16},"end":{"line":63,"column":6}},"loc":{"start":{"line":61,"column":16},"end":{"line":63,"column":6}},"line":61},"4":{"name":"removeSchemas","decl":{"start":{"line":68,"column":19},"end":{"line":72,"column":6}},"loc":{"start":{"line":68,"column":19},"end":{"line":72,"column":6}},"line":68},"5":{"name":"getSchemas","decl":{"start":{"line":77,"column":16},"end":{"line":77,"column":53}},"loc":{"start":{"line":77,"column":16},"end":{"line":77,"column":53}},"line":77},"6":{"name":"validate","decl":{"start":{"line":83,"column":14},"end":{"line":97,"column":5}},"loc":{"start":{"line":83,"column":14},"end":{"line":97,"column":5}},"line":83},"7":{"name":"schema","decl":{"start":{"line":109,"column":17},"end":{"line":204,"column":3}},"loc":{"start":{"line":109,"column":17},"end":{"line":204,"column":3}},"line":109},"8":{"name":"beforeChange","decl":{"start":{"line":119,"column":20},"end":{"line":202,"column":7}},"loc":{"start":{"line":119,"column":20},"end":{"line":202,"column":7}},"line":119}},"f":{"0":1,"1":1,"2":10,"3":1,"4":1,"5":0,"6":2,"7":9,"8":21}}
,"/Users/mike/Projects/valtio-plugin/src/standard-schema.ts": {"path":"/Users/mike/Projects/valtio-plugin/src/standard-schema.ts","all":false,"statementMap":{},"s":{},"branchMap":{},"b":{},"fnMap":{},"f":{}}
}
